1.0,-0.0662373905024707,1.0928933240835352,-3.027577413006694,0.3224560416524614,-0.8276768671797046
1.0,-0.16063091554017897,-0.6481318619257651,-0.7225896539312565,-1.0436388888343435,-0.06531377058999198
2.0,-0.5890617426166667,2.447880739195064,1.3800051931013892,2.3527441191248286,1.4473913165067078
2.0,0.34588642500021316,0.13272700480835686,0.42725080755432426,-1.4947538638875053,-0.4729172905296551
1.0,-0.2646096118753192,0.23195531722543056,0.9031016811663224,0.4174930920167676,-1.0533486312136102
0.0,1.4533019709646802,-0.8345528563279555,-0.2849886500923784,1.9449427722809356,1.350833665130009
2.0,0.14610803036987974,1.3545867238900764,0.27282340230978896,-0.021030364363965045,-0.29830762325177806
2.0,-0.9538957775965693,2.5132687994822893,2.436019746780614,0.904639944750647,3.473383006278576
2.0,-2.092813840974822,0.8130678264630662,0.6381803307019177,-0.34009267287144856,0.5671456704234059
0.0,0.45217764329073,-0.3522081908160817,-0.5559235977936993,-0.7229753879879256,-0.13269929923928472
1.0,0.9577544034477375,0.9753694430799744,-1.0055833447741986,-0.31008073728304386,0.08284979055346342
0.0,-1.5273067431821954,-0.18966064983020334,0.6902272174116486,-1.146405427691525,5.090247679828616
2.0,1.1251118987376174,-0.18429895307632715,-1.197735842316844,0.04891273108119593,-0.21150369946475459
1.0,-1.1910917246281338,0.6377580171334808,0.4831983255620845,0.26298524835918596,-0.17241657315142778
0.0,-1.5186267263644595,0.08588481835739366,-0.25819756866375687,1.3982867084158865,0.4081265487037847
1.0,2.2582638189440782,-0.7920197302658514,0.09845926651935961,0.7747162700932357,-0.1740386896693957
2.0,-0.9052156126515701,0.7458206220504505,2.1265648820857996,-0.5026461723113993,1.2947866113967397
0.0,-0.18283940401874688,-1.354880207879616,-1.3215757855225423,-0.3718631162327747,0.8165439928241478
0.0,0.9077595916240689,0.5463599320909536,-0.9922142676132311,0.11853024516356167,-0.5874047103267395
0.0,1.0661611387250467,1.2565835224603321,1.4629608850731368,1.0395894256648532,1.7896937131740802
1.0,0.2584406856247232,-0.3262415120666022,-0.08116379257060814,-0.029221528065629134,-0.07561829106638758
1.0,0.5319733802833333,-0.7288172840025814,-0.9056059405919005,0.613353940019838,0.08604421275786794
1.0,1.1462552292372425,-0.17278775882307482,-0.28940626967837096,-0.8735043043311158,-0.05274441525258984
2.0,-1.3792037019710526,-0.23911162024414104,0.8621707757379651,-0.3236770783777874,-0.6622153368678823
1.0,-0.7536920585173924,-0.5857181213283176,0.8172985959812148,-0.5350929685248045,-0.9707211519685465
1.0,0.38848019439972653,1.0904092045551332,-0.28531229915603784,1.0178313301348996,-1.536360724238721
1.0,-1.9350619265838218,-1.1095846208383786,-0.6546057850156725,0.11012488937516833,0.4042946428413827
1.0,1.2960544130726726,0.6601222904621169,0.5860970575789974,1.030203895954802,-0.7943471714648961
0.0,1.1801512042464373,0.11356436774548022,-0.7300413432767574,-1.149569848412325,-0.7025295476857721
2.0,0.1405461981833483,-1.0818477888066944,-0.7848684827818,-1.0019939330986092,-0.24521141905156513
2.0,-0.9352463899417534,0.800331757539227,1.0987455397785788,-0.652329705857765,-1.4054425581471974
1.0,1.4644870758276969,-0.5239259102309805,0.24081153942273886,0.19452648178920814,-0.11795478943412042
0.0,1.9517608249834608,0.5391983769932797,0.611168660778005,0.03909714747426151,0.3600919665182025
1.0,0.10534205317143065,-1.0462163747628919,0.9379998964154886,-1.5471084658933036,1.2130227036396457
2.0,1.003923028299382,-0.41171907697726295,-0.2822931421128313,-0.658792417109913,0.3095026885251851
0.0,-0.4450660295669786,0.36765580028980804,1.906939045701578,-1.0318304410750994,0.2500713856360038
0.0,2.066457304767911,0.7657634525749497,0.4151373056530613,0.08846771926809463,-0.6495623617301367
2.0,0.6422080574276657,-0.31053504898233864,0.4592541148740808,1.5359321651327478,0.07399121528187029
1.0,-1.2061137305333975,1.8751195950831734,1.1183654034992587,1.0517344490225777,6.077975023261573
0.0,0.9029344852390085,-1.1945197868655764,0.3480412228800119,0.6231677591008723,0.4885693952002263
1.0,1.2160547481885604,0.43554088291869375,-0.8640412449110946,-0.3131737267991838,-0.26609950264695037
2.0,0.0038982309778244615,2.0279728795954473,-3.433042867435805,0.3848103230141172,-0.5393922878491201
0.0,2.697833851701857,0.31434031408356516,-0.1747034995705414,-0.7154394324343704,-0.03561833013262505
0.0,-1.1265269725164635,-0.1364484893664397,0.18687406727427877,1.278070577613348,-0.8757338601158708
0.0,1.6625329879367539,0.6853909264743017,-0.5527248689377241,-0.6359059891954534,1.2109517681692812
0.0,-1.1902861440553953,0.23363036976575524,1.1146885088422376,-1.4895759264202495,0.4584160580033736
0.0,-0.4559341783898919,0.27009363004796244,0.7392023485999774,-1.9430147701558464,-0.7173577087455101
1.0,-1.798670855575357,-2.1326549299704265,0.6945909865515065,-1.3373729253816167,0.6508462992229951
1.0,-0.07792281261362807,0.668821612408029,-0.10180963311977398,-0.9008275069752739,-1.0077676354545932
0.0,0.7785971169401529,-0.6868831661005197,0.6102795727781737,-1.3504458406234885,0.7263302646754192
2.0,0.3867801736722789,0.3237426649377538,-0.6771479264118732,-0.28583549535233244,-0.37023515896645776
2.0,-1.4013403709609935,0.8313599204979139,1.1575101997378658,0.26085275118687107,-1.9632948124562821
0.0,-0.799393583160355,-1.3807371291627193,0.4853676735309972,-0.8886231710743132,1.0479582293753673
2.0,0.3360055776224506,-0.9403474294248515,0.9819325596143317,-0.5383352833251636,4.046335751497671
0.0,-0.06867939107796153,-1.5983327577847637,0.6725730299620192,-0.5735420352667076,0.7239673621614995
2.0,-0.812177231213461,0.11163414440384474,0.09428790698192424,-0.5189848262834015,-1.4925750903582853
0.0,0.1662440519131635,-1.5821170641505036,0.4485178842993454,-0.049637244777889174,0.18679201734613934
1.0,0.5301683648917576,0.0726061205869752,-1.3485873666662778,0.3020377430949223,-0.6925596961502142
2.0,-1.703474060875754,0.8431578518710205,-1.2645183852283242,1.0253491276058164,-1.1879394407819364
1.0,-1.383575476288643,0.21546592522593433,-0.8338700553335363,0.9038225886624902,0.28592453496071707
2.0,0.16736376869845693,-1.3490956960354865,-1.3005164908033113,-1.6004893960959419,0.46683403117115074
0.0,0.017443474802998214,-0.41784474315734577,0.6456610429692012,-0.2134322955656603,-0.3987668686237884
0.0,1.4837632570490564,-0.4632985803735578,-0.07684415055808823,-0.9816557031530772,0.5873029083337107
0.0,0.07957763036929216,-1.0543130361849682,-0.49278125221434954,0.7563269378322377,-0.533744933185668
1.0,0.08496708647966368,0.6167788658502757,1.4818270362378252,-0.10211365755911023,-0.4647184456276388
2.0,0.2268028788265111,0.9650052707939546,0.4130732074450338,-0.04260412548795311,-0.1987879767078172
2.0,1.1818899132177447,-0.5346136984609898,0.8426305231078316,0.2341720357634114,1.0325574640034225
2.0,-0.4126573233174045,-0.06983821168340588,0.40334451406227767,2.0119794291855024,-1.7367977900005853
1.0,0.5507656242283879,0.35642285067320406,-0.38022008505054755,1.1869862239557625,-0.5613635215289505
2.0,3.2054298048807177,0.8377280311426524,1.8423566094542294,-1.2783355717050393,2.5391779904532283
1.0,-0.9289877042898721,-0.7053515810839749,1.02221682770842,-1.0166892597087085,-0.5973196070039096
