0.0,1.7247643579176826,-0.3975359140173954,0.1456214162629487,0.782048572762921,-0.09626909166731135
0.0,0.7184823033556789,0.0793901022235312,0.23425856951105595,-1.4060142119425048,-0.16099361967841502
0.0,0.4217592273708153,-1.428502977380002,-0.6625744978456887,0.5636298328107235,2.550637874107794
2.0,-1.2603837308425376,0.5414142494768887,0.48447456761581187,0.26059084249646725,-0.9115465820425774
0.0,0.5193884454215743,-0.1339381208843197,-0.9614119622920079,-0.335258466623463,0.8571984375287595
1.0,0.7577722473989171,-0.07535635235745003,0.7020919165741689,1.7607130978047338,0.4825518855846494
1.0,0.007987488753072713,-0.6582590733931778,0.34777864859927105,1.1542669683452151,-1.178214001798651
1.0,-0.7992927211126251,-0.8980109249611876,-1.1247136940578715,-1.1153012465128989,0.5423172664660492
0.0,0.1921582527756827,0.14161741068209704,-0.7673055611964568,1.4112442945118833,-0.15463961911655144
2.0,-0.5229849755843579,0.37545218433185534,-1.0595717409089211,0.5499403964879328,-0.7620201691308974
1.0,-0.8292231694553375,0.20071258896246935,-0.6696831715060779,-0.21360824760723351,-1.7918905088747337
2.0,-0.49158754696823564,-0.4397624393478887,-0.5840350237061319,-0.37014566485073164,-0.8662554370965478
0.0,1.68513100957671,1.2263949594725587,0.490907764057623,-0.76899810670967,-0.33602164882563784
0.0,-0.17988810620443899,-0.6317722174117659,-0.9797272021971138,-1.326758432745332,0.3839298875516697
0.0,-0.281496535231278,-0.02926371810736409,0.4758267346266265,-0.23934754897835284,-0.42455359850109037
0.0,0.8891816635865487,-0.2482252015257826,-0.930374110734963,-0.3063101887776798,0.341244659295444
2.0,0.1546555111541881,1.5467180729493912,0.28701767515474563,-0.8474220982249578,1.0908883546716563
1.0,0.47984654142594374,-0.7778150885844759,1.6901812027795065,0.4792118395996681,-0.08483028867275923
2.0,1.1278760927864095,1.5296482581469422,-0.847684071967739,1.131451511040456,-1.4372705219643003
2.0,-1.1921654295343704,-0.6217074177193099,0.06617104105870455,-0.8304310677576896,1.5249534033649321
2.0,1.0959572537851598,0.9896255197277967,-0.8059727865976165,-0.9669295589770357,-0.30176099823353686
2.0,-0.7179198163219831,1.7068673590468457,-1.4422971465729597,-0.9044712259858546,1.82608317913525
2.0,2.0266526434922403,-0.6471986695572265,0.21480689833423192,-1.2797872234054546,0.8761224421682958
2.0,0.3503685873445786,-1.8179555750708547,-0.480275677086772,-0.6940160558306965,0.8458805827031171
0.0,-0.7442851494098623,-0.9931836417661706,-0.8593351887677608,-0.02240283432098465,-0.22764773698016683
0.0,0.9678994164714966,-0.6990903203350186,1.2979583616136599,0.18459988434487665,-0.5305324079027542
2.0,-1.277039680421759,0.0558001222286606,-0.7727111267584139,-0.3701853426438571,-0.0948284679104343
1.0,-0.5247266513452252,-1.1500846172771229,1.5203852943932357,1.3815406594954953,0.169673683308012
0.0,-0.2072462526011768,-1.0725119399574814,-0.6066782623359782,1.10476555438048,-1.2388400287914256
1.0,1.2500871341280613,0.22429244981433497,0.866816133268719,2.1531599288058136,0.47872804021946186
2.0,-0.14378195930171914,0.29857369699125885,0.267174565105601,0.5572554891192968,-1.3561703998751
1.0,-0.3208817923666689,-0.3834614991597543,-1.0461115668929066,0.4470236205277779,-0.5701946272974439
1.0,0.44661772085980345,-0.17321020324681827,-0.1468693153519137,-0.8410801997480846,-0.3872362762210202
0.0,0.13871655530215832,-0.5222987651268262,-0.4416627650050203,0.5241620320180463,-0.13437612739157365
2.0,-0.3711082428568137,0.08951956351798135,0.34420662869500723,0.42946609453259055,-0.1015089857462184
1.0,0.3522344005612661,-0.06331694406809991,-0.3879982409561081,-0.3563165174705447,-0.04223654751385236
1.0,0.1241204018411287,0.10854624025348052,-0.16085732452554824,0.27036422232756435,-0.09561093429130928
2.0,0.4354030553029679,-0.19944432533520537,-0.040076295976443355,0.19718888152129263,-0.5740109616069456
0.0,-1.808359525037341,-0.24556741821959407,-0.5030849896579329,-0.14163768260638518,-0.8513406596006124
1.0,1.6170615782617268,0.8636533518944464,0.6133835744046474,0.21477930365333794,-0.17838353651347433
2.0,-0.47188473857878155,-0.3717395709245889,-0.45818904419965606,1.2142341497965952,0.1714816843233837
1.0,1.1883457287435073,0.5634533563856491,-0.22828503433857242,-0.4795844809210899,-0.8998118302267377
2.0,0.24036741125333957,1.712241585078616,-1.3773866789215903,0.01328247513111808,2.152056493997366
1.0,-0.954923183418023,0.7173754165174341,0.11715981664997001,-0.4440224054360998,-0.45583459140317445
1.0,0.487286799483592,-0.2938008403884377,-0.6833313866811896,0.7155629094982567,-1.20628227088429
0.0,-1.0074737709680721,-0.046374041019248205,0.6465335721378871,-0.1206831483104299,-0.4222604409956729
0.0,1.2905920451085926,1.4663545742039097,-0.04910024192541233,1.763587881090735,-0.3933303683801364
0.0,-1.0330386154614195,-0.4695717580018047,0.2681724206955238,1.1463395785064976,-0.24233769439373928
2.0,-1.3004362542227061,-0.7751593808282817,-0.9733974834718216,1.2636827816985245,1.2284928956058059
0.0,-1.041774245384195,-2.134774594581034,-0.06425503965450663,-0.8971136753449699,0.5291740734385842
0.0,1.3587998622331456,0.2501535006973883,0.09525647657390425,-0.26627638450300983,-0.8950805301725112
1.0,1.1683421368494773,1.4856650511830523,-1.8249799310946808,-1.8175256854727806,0.13264104207108157
2.0,-0.5389928101046068,2.0578613341674292,-0.6335963633874241,-0.7328169601144197,-1.0828096095178872
1.0,1.6435739645673222,-1.0359770435361517,-0.2165075618728132,-0.556555164266698,-1.9241411454816688e-05
2.0,-0.6563627997535526,0.017135369246428493,-0.0036219295571729817,-0.26027446606388077,-1.4788779217150225
1.0,0.8845007200249032,-1.6359628658392846,-0.5770969356466871,0.6906584352056758,0.2376833879563231
2.0,-0.5710118119747487,1.8831836223754714,0.3398588597406153,-0.6117236442133107,3.8526958609629047
0.0,0.45283373589631354,-1.1804336859410234,0.621774122449413,-0.30082872831214513,-0.7170734583095273
0.0,-0.09866792463392589,0.6941136652334052,-0.23234106871998167,-0.04831587414730789,-0.7619029161472715
1.0,-0.19918310235744846,0.8372246719683806,1.4317214278524704,-0.8016540987615788,-1.4036119551512498
2.0,1.2528531616837748,-0.5013802263084511,0.3424798706611681,0.4829592591661744,0.39853905284656516
1.0,1.1795953609173742,-0.07811470918380782,1.4352546119433398,1.2521029349847015,-1.3788181139560471
2.0,-0.30081517049252726,1.6372342519539955,0.8444138423473234,2.518502459729613,-0.881513619093442
2.0,-1.5562438096693598,-0.7974546566045279,0.6489232878450564,-0.9515969975856965,0.7349165334329179
0.0,0.9719724783654823,-1.1448946936005817,1.0171036278591263,0.41980385240879586,-0.2366438842731953
0.0,-1.3094529455803299,1.8520432316759516,-0.12777886335299263,1.2487835145346218,-2.4882804788526522
1.0,0.8689589914892215,0.005626923288872744,-1.7663185973978968,0.4681698798429265,0.4752305819194174
0.0,-0.30810465627976386,-1.7817327522859865,-0.22724816263134062,-0.3152658976998467,-0.27153301610138736
2.0,-0.20127320366221985,2.381789989506173,-2.4400630432795767,-0.7182237303858666,-0.5237328867975564
1.0,0.1228491636460127,0.5191565458861034,-1.102087407783876,-1.0784087829253093,-1.2548293774476507
1.0,-0.4179452857757462,-0.9599581807349276,-0.6086817227307239,-0.02129467011855712,0.3381084162958605
