2.0,-0.17720613463216178,-1.9731913977132902,-0.9042745640080634,1.1216296174334237,0.4882074813468763
2.0,0.4413501784412821,-0.8606554875485641,1.2910148504156198,-1.113516363119137,1.1272067295773387
2.0,0.38295000400761814,0.5257631782380922,1.3321941043195906,0.8450830947852739,-0.30928094026480135
0.0,0.8136801305998407,-0.5654363362529772,1.5833819912632183,-1.2823787836731153,-0.07991478010330623
0.0,2.4514723985604916,-0.28580131688126714,0.8037305670456756,0.37577594789656493,0.26827038902929823
1.0,-0.9353909012762062,-1.3736275983625785,0.3775088855095105,-0.35368208470059975,0.7819878658902286
1.0,-0.4547147337753945,0.41660683386621467,-0.1771686137810231,-0.9473396016554085,-0.4584765045534377
0.0,1.3720306361297772,2.1327411958932556,-1.5245562099235352,-0.48074633666619376,-0.9662681738963967
1.0,0.7959818122484099,1.969619072399598,-1.1680252090794374,-0.7906133306588816,-0.03753281936602014
2.0,0.6548305062562311,-0.5065909816016054,0.20320344969712129,-0.4793746635570965,-0.3049830212446694
1.0,0.009591657366576072,-0.4982882197811994,-1.200999060507768,-0.3536787799599578,0.7142170800742588
2.0,0.7990370252267313,0.05163312855940494,-0.555556651428538,-1.1920631761895601,-0.31171919608569054
0.0,0.7696718370676701,0.8687145756324062,-1.371480572807661,-0.05341529162752938,0.17570809341009047
1.0,1.6557323176181595,0.25149434412517624,-0.39495975935580346,0.8118080077185891,-1.1629516158981645
1.0,-0.054047211478330755,0.1704875115182118,-1.5323722800620938,-0.4367039538653422,0.680466283461617
1.0,-0.04880247212811404,-0.22287993599267605,0.5151389940760334,-1.7103829248049187,0.44958033955039656
0.0,0.4745017224183266,0.8523830372832207,-0.11759111470002996,0.37068966713986057,-0.6268005605472309
2.0,-0.1543306407863774,-0.06710223849380534,0.5487950925067919,0.4696307451287253,-1.29092603310696
0.0,-0.8532047134525059,-0.4769611077167232,0.13104955786333344,-0.8724590228675986,-0.35053055139719586
1.0,0.657259484744956,-0.09302730693218716,0.2474621910524616,-0.25800607506026046,-0.2535892103184251
1.0,1.2561884423825558,0.1923143519671441,-0.19114095744583204,1.4302853028007902,0.403172019212438
0.0,0.25376110967736487,0.5741262410653228,1.7467672422528975,-0.6120412555240272,-0.5847284185195828
1.0,1.6933495021198093,1.273640330623352,0.12119631701645164,-0.9282439966942247,-0.37424358237886374
2.0,0.3128481206229738,-0.5462512476336008,0.4940891629508135,-0.6916128604480413,-0.05993574341686397
0.0,0.7754463035630598,0.9980562503660207,0.062166475712713505,-0.25782828178109946,-0.36656410359911457
2.0,-2.9066476880775802,-0.010873511690227197,0.8097648496680853,0.3126441799385299,-1.2584653820349248
1.0,1.6525835682276488,0.3902675017643588,-1.1687928893720125,-0.12740285024756948,-0.3008563339676037
0.0,-0.44116452331076356,-0.2571598558289991,1.2559628430863425,0.4153878777775454,-0.11562897548499479
0.0,0.3423725525730964,-0.2262821629172012,-0.2887572060653731,0.07105433731174526,0.16858100653967947
1.0,0.23332749938304484,0.7263660129591926,1.145983595204797,0.31470454947520965,0.1764994925066579
0.0,-0.16446007406747554,1.7903141776694729,-0.6362845275361462,0.6637633644629338,1.213809840980587
0.0,0.35451921750875137,0.2653747412318483,1.532637713689578,1.8896280082668107,-0.6884682330291373
2.0,-3.4045039706496314,-1.0472045229417906,-1.2287952111249252,0.10333760769969086,2.8128995329015285
2.0,0.31187694211145484,0.15606234095472246,-0.638134080702128,0.90151987065554,1.9193060482527131
1.0,2.071557588059337,-0.15335741997985308,0.8772407955558558,-0.661460589996157,-0.11943035962425616
0.0,-1.0090734159759915,-0.5711196160815211,-1.1816815533064375,0.8137406930577221,-0.7812810936409084
0.0,0.7351628253902466,1.0104013754871695,0.6329740562932515,-1.5194503312188228,-0.43396250382505286
0.0,-1.2501635937158146,-0.5355644849194867,1.6075932438848477,0.7623099233068026,-1.2194149076366225
1.0,-0.2164481580936293,0.06547327094902564,-0.1990217922934761,-0.8230747303909847,-0.068980264396648
0.0,-0.17319335147767326,-0.6557368326234166,-0.0954488381824468,-0.9589028853029494,0.5659983647798436
2.0,-0.17150665600609796,-0.5318991091772246,-0.1372148219405568,-0.8880542589967594,0.32922803534400974
2.0,0.3980029880909972,0.28156025500136844,-0.6943141538789093,0.1403410008092983,0.5946357743704798
1.0,0.3064749679557937,-0.3248942489094663,0.6810832800650006,0.2503265780083095,-1.3541419952218734
2.0,-0.4493122429730615,-0.4607696043222094,-0.6959994792908465,-2.277193853944002,-1.023058192937755
1.0,0.11757978590035102,1.0607762007767703,0.060507934652452675,-0.2874419999486487,-0.706832710924384
2.0,-0.4948112962857041,-0.23082798931687595,-0.5656577807646013,-0.8155664054867096,0.03191213686584988
2.0,-1.636964455138487,-0.8432606574885538,-0.19651595108631728,0.31005232687029516,-0.12541371960805162
0.0,0.6243623477486776,1.0675245403389797,-0.968609673199062,-0.3317396550834718,0.7860254391313038
1.0,-0.260907639765651,-0.3970580524997056,-1.1894491322761425,-0.377296196040576,0.29846596534985426
0.0,0.016090282302946114,1.266578286577995,1.0448689397253905,-0.5057952233403185,-0.9895628367399828
1.0,0.07274077720336232,0.8179868673827663,-0.5746448654429466,-0.7133608291097132,0.2382491141731989
2.0,-0.7607098052423765,1.1583959387112122,0.749261262720959,-0.16573928878037247,4.2760122000275365
0.0,0.38622002640443864,1.628215991322539,-0.7864374098693412,1.7265673310787975,3.2768550584876133
1.0,0.25791797003561745,-1.4165605224749291,0.7194631660376845,-0.21747793487065886,0.2684132817887941
0.0,-0.020624538616286322,-0.5645042850776973,0.8618532190876064,-0.7196852924723693,-0.5801531601832497
2.0,-1.7120852567951863,-0.003542124946644923,0.7001538337865981,0.2748319381338889,2.3325899682084796
2.0,0.17185514346621908,-0.3119482474826064,1.9010266622958014,-0.39992047715249623,-0.14682483081195175
1.0,-0.2754953642689686,-0.6711220761503247,-0.1653154796031767,0.6110221469309222,-0.489376222682145
1.0,0.614556276647663,-1.0703288797563308,0.5722800911109933,0.891571266078644,-0.36941907913285793
1.0,0.7170356816214383,-0.22305520578694688,-0.1037702404411011,-0.24441134129396555,-0.5071296291826297
2.0,0.03800233957216938,-1.2550669174667979,-0.7579313705345903,-0.24301597377731535,1.1721160297520126
0.0,-1.7181289760765246,-0.13622869840057555,-0.9932085149928521,-1.261993402729188,-0.4461306187617748
0.0,-1.0046999950314832,-0.13941241868886445,0.6867724943726506,0.08796157505843383,-1.3153431075256146
0.0,-1.6119777208461776,2.3802151161948255,-1.8425177675070632,0.2168345427004672,0.4099058389239965
2.0,0.7755357479836734,-0.3717675711737057,-0.5225678201680191,-0.36722106844429797,0.7758693867648686
0.0,0.12471973064597046,-0.4469395008490926,0.3873737526310219,-0.9797206541664114,-0.21367414814827115
2.0,-1.6003814944743249,-1.9811660788602314,0.004968582801182984,-0.5763017030198382,0.6475469925926323
2.0,1.2320505500447057,0.8065819856763097,0.36909026377498055,0.0028498899563824,-0.7024233998191236
2.0,1.7236092637084937,-0.23966029942804412,-1.2703314846839044,-0.22953210801054097,0.2953223238919878
1.0,-0.09507668224234488,-0.5496023588493117,0.6175984629261718,-1.0214499585494494,-0.0805921158552064
1.0,-2.1941351622445144,3.169500072257973,0.6855278617148607,-1.5992248321966132,0.14067748292110932
