1.0,-0.20864378034462552,-0.18311164411262,-3.075504251627375,1.6006541737869786,0.34621930694309366
2.0,0.9839225594624712,0.6949224633500061,-0.49821923141053387,-1.4734791349898448,-0.21701911985548364
0.0,1.9594804208098382,-0.6470276271915456,-1.8551720865557308,0.23904188221760103,2.069073420088376
1.0,0.45382730290402623,-1.446813871016324,1.1302897145179762,-0.23301499774051881,-0.6143872161346187
0.0,-0.58456107527863,-1.6600967087353748,1.1998280598999083,-0.7813912766216952,0.16216099091390715
2.0,-0.2563981992492555,3.5555042855577175,-2.1819966845551617,1.2501004720398246,3.35414751818984
1.0,-0.7781767774631214,-0.4063869714059318,0.2454975289182486,0.35489220848017405,1.8475689772668702
2.0,-0.8204733110344409,-0.5103027410138877,0.36100041698952146,-0.6098990256917689,-0.16770420415766907
2.0,-1.286943025030442,1.5999171309003366,3.5992176564093215,-0.4290806664709621,1.3190133983106764
1.0,-0.0012854715486689408,1.3768124979408345,-0.5574058878877769,0.5650897406567583,-1.8421975054091564
0.0,0.0639558713395698,-1.6831353546036978,0.46489390016497206,-0.4243566852649053,0.01818082101717502
1.0,0.6580376489640212,0.4774253336969572,0.3691193602145862,-0.7277573134846491,2.1236896469757816
0.0,-0.6910208773007304,0.9556714057039638,-0.23117485931945206,0.9013771454930813,-1.3079624633418097
1.0,-0.31265340073055464,-0.8177213376697517,-0.12850264940799033,0.3747148119297213,-0.3552581956156388
2.0,0.43566142264584734,-0.8400788032055371,0.5486362808778923,-0.8905686071968665,0.42716609559862667
0.0,-0.6778685795439308,-0.4262245852105773,0.22797845130010844,0.21001228147715087,-0.5129980541583955
1.0,1.5739045041009854,-0.8304088657702929,1.0207343117110386,1.4420000480346187,-0.7385489139095056
1.0,1.5138357137359464,-0.15532673515327244,-0.2790058715954679,-0.48325313362592426,-0.03538845020356025
0.0,-0.34184846631097077,-1.7926953052499035,0.2477133771017248,-1.0174001016611578,-0.17027845465685373
2.0,-0.2953395700021533,0.5678225677940462,0.0797043512951443,1.298726579012069,-0.6831389162989309
2.0,-0.6864699359981272,2.550566534959014,-1.2641725458052353,1.2887317930500535,-0.8414912436943921
2.0,-0.2985726895509174,0.013338840210113757,0.23467209155247284,0.23004659124578064,-0.9974180304485429
1.0,1.8496956952556738,-0.05565077828397692,1.7169011450597138,-0.7714065499275842,0.6627035414351278
0.0,-0.5791240833464714,-1.8366464840322805,0.06552414787700289,-0.002624780396181175,-0.1503091621320868
0.0,0.6429506662607862,-1.624721604328871,-0.505856956696075,-1.3448971506432024,0.4394732959491773
1.0,0.8396522562047345,0.22018264097849538,-0.5569704733630179,0.2920478423676622,-0.2531821424467673
1.0,1.2139870565588775,-0.8449768809826128,-0.9293736536747867,0.9035741244513412,-0.9270405971710454
0.0,-0.13051986212188013,0.36241217001296105,-0.518869560450755,-0.14643133427220176,-0.9579570814951403
2.0,-0.4531359839405972,-0.5780172671760836,0.6187057593879051,-0.022163341561986436,0.875335574122656
0.0,0.1844369063439394,-1.1344580533714061,-0.19466860978212253,0.9242792758469955,0.2497078242073421
1.0,0.2388264251716802,-0.032899496905614334,-1.0150774265244547,-0.9127318806981283,0.1818219967365223
1.0,-2.321412697085851,0.2056361272854306,0.41014823078725016,3.721019867392487,-1.4111775494314986
1.0,-1.1180426669686432,-2.060022588235624,0.7856039709204427,-0.808207923460046,0.016456280556462397
0.0,-0.8369371580474105,0.9555469115596263,-0.4447834852606977,0.3338409826913335,-1.280514205893385
0.0,0.2638101542530333,0.9825331572041127,-2.2591436111454706,0.028423579085002888,1.3393823906438647
0.0,1.4129456409010124,-0.4113490364356196,0.36086122982039975,0.5454594810431147,0.23239747280814133
2.0,0.08636170541597868,0.30113525408792874,-0.08631022017798921,0.1715375823920819,1.1916258512859834
0.0,0.1110484028352475,-1.0098324898403845,1.2220169018344278,-0.19581534864397052,-1.031398004134725
1.0,0.35736746693327487,0.47298958782358286,-1.7616274238434517,-0.5476200029608692,-0.12691453502892366
2.0,-0.06680076868621096,0.8581521368384097,-0.32231897381061814,-0.5821904397707741,0.9691168534837031
2.0,0.45030929337442965,1.2740347484879657,-1.0323419785646624,-0.35019590237748266,1.8674379456607157
2.0,-0.7185822115855988,-0.9046373716956776,-1.1922765596096687,-1.4061927839198172,0.8750171233835342
1.0,-0.13715705337308423,-0.1970086325921452,0.60654132479602,0.08443476749598154,-0.294205576466722
2.0,1.309969379597699,-0.36403575977702035,1.1405158213865747,0.38614421844056224,0.04399433311269121
2.0,-0.28730834066074207,-1.7200235857351691,-2.0458545735170577,-0.5678133929598869,1.1120594768215755
0.0,0.04106039402693702,-1.2220373819961645,-0.5755486899559467,1.9971491477811856,-0.16529581086561987
0.0,-0.5654154427268698,0.654959420424934,0.16978979015383266,-0.7566477843689791,-0.20979985481523242
1.0,-1.1525210927864493,-0.16946853128488562,0.2064043334799002,-1.3074066811652496,-1.0899846391023993
0.0,1.4671928257404263,0.03859581480235703,0.1192814162816044,-1.317621586777314,0.16312906291767792
1.0,-0.6153184179002057,-0.7524532985475885,1.7121060580951977,-0.13898830901492437,-0.2736432173278184
0.0,-0.3492194118519101,-1.139881404050401,0.5702142362331684,1.2005272623226433,-0.8755308424902953
2.0,-0.28489669908370124,-0.15298372461657408,-1.514468242034302,1.321592514603533,-0.3296569350046136
2.0,-2.114149903408039,2.0378194432155703,1.5845337475606789,0.2728469524990728,3.764102052381573
1.0,-0.8807803041834429,-0.5809530928051887,1.6018262563804366,-0.4206551095681498,-0.9637342407912077
1.0,-2.0679779415464243,-1.1663260182128368,-1.3374515983100674,-1.8249085412906596,0.9543950553997317
1.0,-1.1079601940899118,-2.199002225445376,0.8516486019047698,1.5890144093009022,0.09887961544613842
2.0,0.052934577755913016,1.2076317879567058,1.5042028857397376,1.6283465044728755,1.1905175589313175
0.0,-0.022402260639061426,1.0683830287121852,-2.2379362556562667,-1.2390596153533275,-0.43196488017022044
0.0,0.4168893948582143,-1.9268609259711442,-0.7999765922330508,0.5482421459099415,0.21142858526247899
0.0,1.6020272950834917,0.11863714470636756,-0.1217967666364198,1.484326400007905,1.757990709131954
2.0,0.7174533545692491,0.6429000658797503,-0.6572428408013216,0.1647032877292212,0.018861038193648847
1.0,0.48665488892580344,-0.33082860968849465,-0.06436307508721875,0.5790495970948346,0.4653268526429973
2.0,-0.6223321752091847,-0.5416151082505545,-1.2508168249694798,0.5219783512413143,1.0070490791917932
0.0,-1.4941285951784875,-1.8227191467211243,-0.10186329093140657,0.1674886816972978,0.349765043477582
0.0,1.022154537594329,-0.1636563253569384,-0.6118487528987785,0.5043118172158216,1.0202061531659388
2.0,-0.3906394931940799,-0.8242018045522074,0.07549739849964494,3.3077092337721212,-0.061666911520493986
2.0,-1.3254504387558288,1.2847175499831454,-0.8609511174824165,-0.466300371397278,1.424446844416693
2.0,-0.8249296528178262,0.22905239042987277,-1.1272083668826083,0.33005697671790407,0.27517225275536694
1.0,1.057689017697189,-0.30097440379924073,-0.886729328569057,-1.319861662305458,0.8003862922018644
1.0,0.3272307431089692,-1.044881611864985,-1.6025069192470327,0.08963166917801377,0.8793644564101314
