0.0,-1.848916674537556,-0.4603023210384436,-0.5858156478145932,2.483182884812916,1.878151480479784
0.0,1.1497827746170897,0.1553027800650123,-0.38204697703004453,-0.31895695088128306,-0.8870739608786649
1.0,-2.0150530019304154,-1.2255686454690462,-0.1353362961811219,0.5830055206610032,-0.3769117218833059
0.0,0.8893140044400819,-0.5100978720405122,-0.5490766259321709,0.718069256017273,0.2717670734271777
1.0,-0.5562071006762803,0.09841455970763456,0.5080950414572467,-2.1629723439849298,-0.8741530663560405
1.0,-1.2801330464250857,-1.0608643051664155,-0.4484908047691262,0.5735411491159889,2.0879942266264546
1.0,-0.3089419124385378,-0.7853057138033875,0.8008862573217933,-0.5410526748465444,-0.2128261995678105
2.0,1.217015851604247,0.5319272628076578,-1.1532973440673475,-1.1448743515878175,0.8299566384063041
0.0,-0.22895975254253897,-0.1011568728442111,-1.0038226668869477,2.2086893189593657,0.020692119026360607
2.0,-2.254919311962025,-1.3515401360866681,0.42553259751497235,1.0846866764159184,0.6977806199040946
2.0,-0.35547875671824136,-0.021943469177686227,-0.9482619727775324,0.8326211854272236,0.3547987743394016
1.0,-0.5041461216224039,-2.0426629319828766,-0.20736823054074024,0.1339272466692995,0.8088457558486333
2.0,-1.8600561207401094,0.5531667203065707,-0.4216113194531538,-0.4563610279381007,-0.4591504625778508
2.0,-0.7324332466558447,-0.5634405771484237,-0.4252758446625115,-1.356163714717281,-0.005371291780001008
0.0,-1.0002440356621203,-2.1702460657191334,-0.2720810987224308,0.45748105779915943,0.2121823755733143
1.0,-0.3011277039255626,-0.5368105425421479,-2.6025365417993673,-1.074614290985973,0.4578864827596553
2.0,-0.6649969173274939,-0.25490625638785147,-0.7398925613778333,-0.2918713303902022,-0.12443963544259601
1.0,0.9662062686999572,0.6869398815256031,-1.365901071885965,-1.0901801153311026,-0.22005099318452212
1.0,-0.9902616966099874,1.496194131980133,-2.9023018654758976,0.11867311455119361,1.146251062687261
0.0,-0.34832995754653623,-0.021407281901086792,-0.6769538432988292,-0.743038203441729,-0.7640588815408669
0.0,-1.1958164466733814,-0.32452199513939045,0.5271051736110535,0.5087857194407337,-1.1457586943997595
1.0,-0.022155627264775993,0.6706756766992532,-0.7350813255948594,1.2020116718194358,-1.3855114246307625
2.0,0.3587005084684066,-0.19406461915298917,-0.7115826231538422,1.2759327931581619,-0.4261475214454875
0.0,0.5993446269201007,0.29821429611968114,-1.1747100719473196,0.6414268041492242,-1.2075873839574383
2.0,-0.7783805621165728,-1.9993102882283464,-0.9914756437426405,-0.3640731930238872,-0.06296380234180647
1.0,-1.0537568612959398,-0.6456834695874628,-0.39350830330681025,0.5506673746352624,1.5153199089893918
0.0,-0.271967892181537,-1.4589713611508996,1.170539509388361,0.79338561645826,-0.3020679690856988
0.0,-0.2640007806491129,-0.13767104893870036,0.7606605348279376,-0.16873723204968866,-0.08359670362787319
1.0,-0.42629399806610513,-1.5070193810321564,-1.4719711598543703,-0.8141202267113682,1.712279465001917
0.0,0.5347508592897621,-0.5812701923404537,0.9072499518479383,-1.0100150310153089,0.08048076445729235
0.0,0.6427776376741207,-0.010601304441801905,0.1011045390639585,-1.1876334163923952,0.793059253426262
2.0,-1.1079558129119418,0.29488250134106064,0.07653938523161381,0.30003111037282465,0.06745827298518847
2.0,1.075135883958372,0.2091220296851913,0.9967604730569443,1.829904136185682,0.6638358827585893
2.0,-0.8645644134254565,0.5955016110453166,-1.4491665881358733,-0.8747736323630244,-0.8592642717790506
1.0,0.31694544928866863,-0.6891563775667179,-1.4343248315770145,0.11232246527702813,-0.11581587580037507
0.0,0.18174730517412013,-1.233502779846242,-1.1982214809365606,0.1108965714402563,0.21363603139045054
0.0,0.27154010306653403,0.8732696033239976,-1.7799539345953648,0.7235956074938982,-0.1645665021997572
0.0,-0.6164738062760953,-0.10937206532516562,-0.3642094369343559,-1.1444718657632877,-0.46844107857362416
2.0,-0.19217113045447748,1.3739655816762522,-0.44573305776971645,0.06103706073204931,-0.6688603628266793
2.0,-0.20285582139849892,0.11522531618068914,-0.32898465896841805,1.2686207232417137,0.2602167325566514
1.0,-0.5513736263750825,-0.6007298192696783,0.9821854670352888,-1.0249922443871224,-0.407895198248741
1.0,-0.5260463933503114,-0.6126398497107326,0.695616708217604,0.871636080791283,-0.7590390835964039
1.0,-0.4828449702651829,-1.5294794275459782,0.34644990712791346,-0.1146310837519564,0.2917056979778683
2.0,-0.5016501464389401,-0.2464391266022343,-0.743362846603348,1.3262165902981173,-0.16235644222488005
0.0,0.5930801353586413,-1.132189533251724,0.2196758107034495,0.19281597466243564,0.11210564996960175
1.0,-0.954854209404611,0.8204261683075877,-0.03978614123891688,-0.4922603272893721,0.004446260965940304
1.0,0.3593304494415797,2.1561299997787478,-2.1678152506932555,-1.0913358732096943,0.1857885812908657
0.0,0.4801910127810048,1.04242159503908,-0.08916121686195089,-0.6429090520291907,-1.156512751277021
1.0,-1.0975412548653627,1.1960540681595728,-0.049364842601692695,-0.044098557971763555,1.3966033335905335
1.0,-0.6218497544414382,0.4186500541016682,0.15764071094691054,1.8541227817832073,-0.2960325265622878
1.0,1.1824977272254118,0.6401607916181502,0.022525300430630918,0.8060803814966424,-0.8115766510022491
2.0,-1.8502371348541535,1.4896867699833758,2.4917872091512496,0.4976462933117717,1.6824456113215163
1.0,-0.22065099387958695,2.2499754795198044,-1.882607601518848,-1.9392058797203897,0.2632159305209779
0.0,2.006582561402211,-0.7871965626231301,-0.005239670838713768,0.5734472833292396,1.2352082922182193
0.0,-0.7245106662803144,-0.5140843817746779,0.28544481664958204,-0.8429913342704467,-0.4466201351580659
0.0,0.1278472970729496,1.2789620491885603,-0.35376473403858916,-0.3138445798194035,-0.2063089896477297
2.0,-1.5012601002960766,-0.393035976746738,-1.4170225253360638,1.2263589375301516,-1.0992540881930906
2.0,-2.6822321210582865,-0.035677257560414476,0.11807572694344362,1.2359557549509068,0.4803728388839015
1.0,0.9091990029701763,-0.07269141568524742,-0.40908193307100793,-0.7316536180259935,0.09765211428612636
2.0,-0.24798540367689648,1.150786575350338,0.5437603812165065,-0.816102949107708,-0.7064621275946239
0.0,-0.9056221230216198,0.19379533023357012,0.7512319277125425,-0.16206157389404688,-2.1272502405688147
1.0,-0.22165117800615483,-0.3663813464470691,0.7294594763491047,0.1132340502305657,-0.8389746524569043
2.0,-0.4287591135679311,-0.1753032293962558,1.435683158567206,-0.9243673830168528,-0.05351397130393419
1.0,1.8285992617264266,-0.4334461701521649,-0.4867209008255856,0.8789515728134858,-0.19526799418248428
2.0,0.5778819193378738,0.7755131178435722,-0.7189126535942834,-0.36781564465573496,-0.7747237311704576
0.0,-0.7319133435964722,-1.796294761303855,-1.5132885071482913,-0.8778970024566162,0.46652303969800396
0.0,2.227503278437805,0.7501601760123108,0.9364899776525277,-1.2965080644465024,-0.1881564110614376
2.0,0.7155472808261572,0.20473845090645096,1.2605367127382938,-0.6247025401453457,1.1219981205258869
2.0,0.4912303262243103,0.552341976485166,-0.18192643874026532,0.6547232915033993,0.21139147488871904
2.0,-0.5575387595439764,1.6300409749151898,-0.033519542984889426,-0.01208608018380807,0.05525644173061742
0.0,-0.410941951517036,-1.032683474792364,0.6280507939562328,-1.5866530730910982,1.2145806701969637
2.0,-1.0815939454970376,-0.9308495125804029,-0.8590923923354895,0.04945861209850295,0.2612640989152137
