1.0,-0.18846230471735453,0.002817135368094468,-0.36553822142873876,-0.7647149755105718,1.2753929851896733
1.0,2.0989153824858215,0.432000376082694,0.8070462931836803,-0.6254937998771443,0.9356532646632729
1.0,-2.3877273923765645,-0.1686556437455438,-0.13907990876879137,2.40130981393879,-0.11180181353219022
2.0,0.3769787514469062,-0.7234055117598375,0.6894604253695618,0.37896844018687387,-0.756985298842275
2.0,0.18718581944328597,0.0378018355147891,0.8658875907391375,-0.25590526095061006,-0.5758218245947111
0.0,-0.6438444457036001,1.2037978219737868,1.0542842762260214,-0.12012979579402311,-0.395417947366136
0.0,0.403222659619303,0.46293248475668175,-0.5125939510785553,-0.16238332341699485,-1.21226500353433
0.0,2.349079268149556,0.922189293057723,0.9344363371481322,0.1670149397923241,-0.06262810783237256
1.0,-0.7574433667660936,-0.23321221896057437,0.9483295149115482,-0.40618825384477497,-1.716412014315215
2.0,-0.08126698440792618,-0.22900583836638458,-1.027310508048024,0.15152305568919036,-1.0446636110378873
2.0,-0.9614641868471157,1.0853949892671821,-0.06656756827645062,1.8314311611720095,0.8914811675385699
1.0,-0.028838931924954885,-0.16286508837235358,-0.8485905781830675,-1.1093546937217857,-0.2281339861310753
1.0,0.790369598286803,-1.5270269197870736,-0.1553663748079503,-0.01619952525129063,0.18565698368013706
1.0,1.8249469294499174,1.1713343327218706,0.7167120562525825,-0.6327497575399118,-0.05547338437589769
2.0,-0.33859171450421394,0.7242860638382802,0.3300648053692411,0.9714517940433468,-0.8730175650933607
0.0,0.0026895942820198584,-0.4217618137199856,-0.4737311795786761,0.21921213473821247,-0.9850626236291601
2.0,-0.21955053155629525,0.1060577147814284,0.08595023653441537,-1.2273602476767542,0.6452075175257551
1.0,1.234698334698302,-0.32222255413471446,-0.06975614467644792,-0.7293057098726092,1.003564880394454
0.0,-0.6112127146342693,-1.8399265224677774,-0.9459689571760461,-0.7549411665410611,0.7981581461551852
2.0,-0.14873859570770334,-0.005705990606785355,0.41181328341152584,-0.21134463198701864,0.20807357385223313
1.0,1.5287210197730552,0.25970255119549973,0.2371187618866709,-1.2622750533869111,-0.8019556122953211
0.0,0.8582364300556057,0.04197522536030028,0.5004308372289765,1.1574514955116235,-0.6390033002406136
0.0,0.23936725006679782,0.060784248959685414,0.9760768609990248,-1.4019891677372451,0.3097994395319373
0.0,0.9953538097547788,-1.1262333948808647,0.5506047646044621,-0.2860044961889236,-0.5115213495124834
2.0,0.9459184299148341,1.210355424599468,1.9163288012050597,0.3526714405424953,2.141180255117863
0.0,1.395042317175945,0.0734467164058728,0.21132162813314578,0.4973967077370625,-0.5166398855076191
0.0,0.3469095878881792,-0.016063512142482493,0.18641320174696333,0.6325184084211866,0.7970353068649343
1.0,-0.3859507700623399,-0.9299905399828224,1.3837028720671474,0.0011918704352244696,-0.37636986323657273
0.0,-0.5186874917150249,0.3810029630280296,-0.644973946762017,3.344591437997887,-1.135666673490146
1.0,-1.9191612183948772,-1.3902992868807287,-1.5313669858005523,-0.1735023542206437,-0.47690622355074663
0.0,1.2949967970981908,1.5613530070282027,-0.059105364082742834,-0.6759388091577965,-1.7796930143920777
2.0,0.2948522658322546,-0.06332607621383746,0.3631559050335322,0.6762167064934882,-0.6478514424118941
0.0,1.5483646753127398,-0.2849991303777209,-2.6635824239514743,-0.5888686236848858,0.3622605953672505
0.0,1.1855036786793012,-0.39572217918640334,-1.3573569569750463,-0.5443695343438607,-0.49146397714758683
2.0,-0.5375871680912466,-2.7586189282137883,-0.6496689571665378,-0.8172191983972673,1.2016253104990526
2.0,0.2810921901344227,2.1929871939639725,0.40157809469985,0.04796614372495968,-2.166942860605352
0.0,0.23105082904116592,-0.9240429685545016,0.9796124510913241,-1.959025869045567,0.34618441961777924
2.0,-0.0915877405926176,0.3214005869520094,-0.618790857780741,-0.001900953606650628,-1.2059475502359558
0.0,-1.639912420493419,-0.5099196656678858,-1.5594674363471126,-1.210173312294107,0.13140703273148063
2.0,-1.2733141683404487,0.47694866493936827,0.5296625043344362,0.6719269055104322,-0.35249160095499354
1.0,0.4976851286750311,-1.8757966694723947,-0.00926231046841422,0.753707054899822,0.3402787081989873
1.0,0.23514990596457405,-1.780855597052559,0.6658230116673259,0.6041429470915429,-0.11286924188369711
1.0,1.3574052880175893,-0.29854621549750854,0.21925934781043147,0.12377183115308664,1.0104789790518427
2.0,-0.979768991440468,1.2390017447155413,-0.07545814087708308,2.1457537360739245,2.278494603493561
1.0,-0.2880019686490943,0.15068552715146538,-0.25636821271612437,-0.46285292976176207,-1.0598376937245029
0.0,0.9002510513222752,1.177038353840413,-0.24621909000892175,1.9263114305988573,-1.828476573312946
2.0,-0.10949319966322725,0.6227599336578862,0.7905292349057998,0.5018783213697856,0.40549491479400984
0.0,-0.7086318286445532,-1.1894248730670713,-0.23695934223361032,0.10932571912153673,-0.7122388661320758
1.0,-0.42166112240993975,0.16552851419313047,-0.7795736800490788,0.14706371768544632,-0.7280589643982018
0.0,-1.2580571187963336,-1.0109937796106836,-0.07367379826922042,-0.1816904265632834,-0.6433470713892927
0.0,-0.7621403820348374,-0.5582219752723689,0.6900421662277784,-0.3641274216130794,-0.5585337055556374
2.0,-1.0321923360413245,1.0629008618672644,0.7160496542773981,-0.9040667141560937,0.9659952645862881
1.0,0.1345112788432144,1.6629730225348625,-1.1146986230615448,0.053662155749058554,1.2275969376401799
2.0,1.2585673827312676,-0.7678493570072205,0.8049410270647156,0.2723970414330314,0.18226421633904902
1.0,-2.1842077540446283,-1.0808114221612386,-1.5977478549728443,-0.15545981675816833,0.5054025483398267
2.0,0.3516055670547772,1.3927109276810345,2.7363962539017472,0.361808093868271,0.8810973127621183
1.0,-1.5184229452124414,-1.965321838302107,1.3607781780776897,-0.7847146749914908,-0.2715928297228001
1.0,1.1882388295434063,0.2757154465470149,0.05293635261556929,0.4314565737740036,-0.8198182015855726
1.0,0.12430561308507665,-0.36969025938773264,0.7938558490672736,-1.7522398486259654,-0.49693029514836223
2.0,-0.942937783040754,1.6582619781495325,-0.6500376443666939,0.22700044980407938,1.8074363335584445
0.0,-0.9851040844999738,-0.3003991151164894,0.7675624864807388,1.8204460697829479,-1.4853263599104125
0.0,-0.10926321466936095,-0.49255289857080886,0.13083186907906388,-0.8173821874964544,-0.7725278404549162
0.0,0.950558648023836,-0.1040987615803244,-0.2625247764856444,1.3484113616326097,-0.5112544049617059
0.0,1.4188382625461584,-0.7733695384146653,0.9544703533930623,-1.3518937499601398,0.003667304433857492
1.0,-1.0983302437760334,0.2762942157018236,-0.20789096207215427,-0.3745543752480447,-0.7798772147753815
2.0,-0.3772149706120226,-0.29364418775746226,-1.7777795911067553,0.829022270043474,-0.318847351287656
2.0,-0.12340931070586657,0.25174747875160347,-0.7090444032402966,-0.1751559567249342,0.45522663088746973
2.0,-0.9693297036466553,-1.1199645981636,-1.401712287590233,-0.5270342442521025,-0.2155034283282295
2.0,0.22171255639481197,0.6077304871551297,1.9620235017151526,0.2352039004056326,-0.8487587422195018
2.0,0.049948205164606865,2.2035586396067095,-0.2509671538612445,-0.0946091769356981,-2.373974207844308
1.0,-0.8228233457966511,-0.2952566603591784,-0.7179429098320451,-0.7786696438626427,1.4041333312989963
