0.0,-0.8739702290010145,2.0131193698058785,0.38866271618006726,0.9664943090087484,5.324613328877283
1.0,0.2460290746742015,-0.4360917937409124,-2.0175023837479054,0.6764765024969105,0.7976833995335917
2.0,-0.39464496932074117,-0.9920973593725612,-1.9305904095970874,0.5713661142224744,-0.35235472966424786
0.0,1.255745475519296,0.7586608876545251,0.28762081594088806,1.4307290063642235,-0.32911901733880244
0.0,0.34686555683309667,-0.9536495844102442,0.43960855985215386,0.13594143357937888,0.11036139822001176
2.0,0.5551028237904309,0.3118073791120068,1.4787690779073897,-0.4671845962204893,-0.11164587797820584
1.0,0.7830489512767065,-0.5561385545337603,0.5374818833781475,0.9629655304757845,-0.47132335033021927
1.0,0.05827964190224826,0.6550617096939714,-0.07320776959533389,-0.5768754324270404,1.5955427827909094
0.0,-0.38587543887354336,0.22325927902766426,-0.9454018815766385,-0.4903908005432983,-0.25582879351686677
2.0,0.4931061268487269,1.3524522583339047,1.4450602143780982,-1.4600773947775776,-0.5271114958300791
0.0,-0.6213685122229218,0.50327268852139,0.0747918951679124,-1.6374552323518865,-0.1853741500154784
1.0,1.0394101333008345,0.3459938639789852,-0.6544693187132828,0.6758970650977894,-0.5144036829680274
2.0,-0.35268833063436744,0.6028220518538521,0.42618352213086835,0.07307873480804127,-0.3642479339624569
1.0,-0.4301674939851411,0.05912439338674737,-0.5938470597485866,0.2100362298305376,-0.6895274301424775
0.0,-0.26004977154663084,-0.15150228969935858,-0.563849921575442,-0.5977876278362456,-0.5446931419919238
0.0,1.025596547020291,-0.08067365433137114,2.048129399640259,-2.4654211495613816,1.3591472891663818
2.0,0.16375705245376324,-0.5433058639411372,0.48555550456806285,-0.6523958630860988,-0.12749130229634884
2.0,-1.709514814857836,1.0807989812710848,-1.2242193531242982,0.7510894725746121,0.06289441941899551
1.0,-0.5973130178911674,-0.5562795072109857,-0.7919337535880462,-0.5926894468009114,-0.7292638170369529
1.0,-0.16409845576325227,-1.9991964901525765,-1.696131422112327,1.222694154767487,0.5396996144253047
1.0,1.0721110477710805,-0.4711533905770425,1.2356761889057208,0.47093737227748456,-0.24606171696606188
0.0,1.3597266848326046,1.2910229958636819,-1.5151068464347952,0.2707682827922441,-1.1389187499916629
2.0,-0.992557386134278,0.45944799692066474,-0.3365084192072835,2.2350499186794406,-1.6646170343314408
2.0,-0.9543408389763053,0.3659545065066405,-0.74229663286207,-2.113665871909384,0.22270588559476914
0.0,-1.2403752566052169,-1.6646443471191859,-1.0085926640193583,0.8550137065853902,-0.21158315932791041
2.0,-1.1860218522492025,0.832922746195775,1.9521064540699282,0.6625347096277538,0.4688074446939076
1.0,0.10953955516370405,-0.08130958241037818,0.6326281318251873,-0.39687459433980593,-0.5864020580896755
0.0,0.6054075631219373,-0.08667736671337853,-1.1741874055892019,-1.1894947485126914,0.029257348219495164
0.0,-1.0383670970196863,-1.629229329915506,0.1356284146846665,0.8330819048834224,-0.1543601299200271
2.0,-0.13170159471226348,-0.1841326474626407,-0.17720608258013062,0.9548597221860813,-0.8174230070289826
1.0,-1.107791700870274,0.8200969800260404,-0.7240577230654794,1.9767826391958863,-2.4166999429160185
0.0,0.4170067303078922,1.3232157240823808,-0.8287181654465166,-0.6309316839105406,0.15250460649609127
2.0,-0.6405468452126895,-0.8021931937010217,1.978933907074056,-1.8987635263935576,2.1581732536801095
1.0,-1.5340808667202053,-1.2426504079021152,-0.8670329977872103,0.7298460309681737,-0.7058331703802996
1.0,-1.2125845176886507,-1.0317241734812677,-2.6485373092376094,1.9604991404563479,0.3946776323098504
2.0,0.033654187277310246,-1.5067178664718102,-0.5676105233730679,-0.5487404995528652,1.2805547551432683
0.0,0.879471190391891,-0.6084872247290242,-0.48042526129073126,0.5234593527233713,-0.03811381001795376
0.0,-0.8088500691860464,0.4823050275035506,-1.0332197526851676,0.43105374580069894,-1.459750510620628
2.0,-0.4668042784619974,-0.2789496231998401,0.0476920835244858,-0.28354568542543224,0.8145490460394593
2.0,0.14179700061058698,-0.6815722182065515,-0.07141377185239738,-0.6566675268928708,0.6350838450485194
2.0,-0.04218981305906922,-1.6984360199899025,-0.9213271617837041,0.49798754427441266,-0.20349303229751872
0.0,-0.8297237666723509,1.161817006872498,-1.4569500394592083,-0.5847613639159079,0.12131331232184234
0.0,-0.35409733484366335,-0.8419326661835704,-0.5754058409215573,1.237165028339112,1.3036381312289556
1.0,-1.1997663574150301,-0.8526682626897397,0.7936577089819771,0.3879312971297004,-0.639851907812172
0.0,1.5215689695180457,0.5284433035106785,-0.9002556361849494,-0.7834188777039043,0.22516511159868885
0.0,-0.30332957152403855,-0.8832180178557216,-0.966211480093583,-0.0908062032422624,-0.9995311640180051
1.0,0.40035899443331785,-1.8742725758220753,0.26949261100088295,-0.32632043285131673,1.1007616747995403
2.0,-2.6499919136769026,-0.7845639478153598,0.1882243113304875,2.6289393970791273,1.1538368761228315
1.0,-1.2380949024478947,-1.4547110582116942,-0.47071397772400886,-0.1779595610155323,-0.4013660245326533
1.0,-0.8811787940878534,-0.15955342748755957,0.512925646864276,-1.1702404623299718,-0.784827605051924
2.0,-1.575044826789171,-0.09661514759024512,-1.2211747739128462,-0.10606234227212825,-0.5328746490813168
0.0,-0.15143666526743252,0.7375171206138771,0.7909045035891341,-1.4852940192814548,0.2731462905632832
1.0,-2.0079867968719096,-1.0326042186774946,-0.30198908063379204,1.9301059591822216,-1.332410440011191
0.0,-0.1541864225629822,0.22396876787125192,0.3198056327862511,-1.4154323818191537,-1.1219719997530901
0.0,0.4016690791178482,-0.38426998660938705,0.07730237198554483,0.5360867712555668,-0.5897367499357985
1.0,-0.5712918772725026,-0.6126589681872022,-0.27891095938150867,1.3771403128161017,-1.5547624104199906
2.0,-1.551470379729992,1.4239779129271455,2.069061826882445,1.7637420186303256,-1.805143366102453
0.0,0.2741663733020499,-0.8922537901207971,0.2878210462585499,0.39269604833546967,-1.1237858983138531
1.0,0.980526464169647,-0.8679450682936825,-0.5469622515396304,0.7137041192329558,-0.6970944733236035
2.0,-0.6877786772083953,-1.736425063558957,-0.29577110812576296,-0.791512085431591,0.39641440510074166
1.0,-0.03675110093619398,-1.1052226028238994,-0.40517016599288624,-0.777942261784024,0.6490658014616896
2.0,0.28691768059425526,-0.3147554363991595,-0.19817388931141178,-0.7761995230220111,0.5930620009153809
1.0,1.387216899930077,-1.002273749373533,-0.06456313358364979,-0.2221814881289611,0.2579087535833064
1.0,1.4243998678359597,0.667544131281526,0.37686801913641216,1.3312217576647123,0.8608093353707423
2.0,-2.5856412447693975,1.5183288045469967,1.7956818908473753,2.2986089337632163,1.7225492416318016
2.0,0.8701738218371813,0.43444658090397975,-0.35839950267107457,0.26856358212163456,1.3095737411825634
1.0,0.05261495832421066,-1.2822925853301417,-0.5033444919910559,-0.1229437863229576,-0.17720198223450995
1.0,-0.16446815726778974,0.05097444998430623,0.45477781330239664,0.9354985434695794,0.018075231168778124
2.0,-0.2608608224195782,-1.831899771325873,-1.5835757073304355,-0.6023167949107326,0.8352287646026854
0.0,0.5609872323220735,-0.2071335439013611,0.37552135840431095,1.5607753887817695,-0.8101250831996625
2.0,0.04152958540947228,0.7228955264735394,0.648254598760893,0.07508994465600358,-1.2504498546617682
