0.0,0.36587577291865764,2.8422313776219927,0.036492172157694645,-0.9807727642344672,0.23324110834510473
0.0,-2.125668236053468,-0.2096314576951685,2.2852810735978566,-2.3941196563062612,-0.6799700077362046
1.0,0.24722617124856572,-0.29697139686242857,1.2469988305427924,1.5216069992211037,0.46114944327906454
1.0,1.3931123515288526,-1.312008094004853,0.9973106251872841,1.7199053818854808,-0.1931308085292842
1.0,2.0610716261552793,0.6835509652922025,-0.2031404816747685,-0.9864918114127098,-0.09240520930122863
0.0,0.5216105640428187,-0.7302770012961468,0.5390760061864472,0.8463959914607221,-0.5712062276731732
2.0,0.18110306670929527,1.8884728158437472,-0.11279673970463466,0.07340635840092333,0.10498684879946021
0.0,-1.1644734608374248,-0.37483564318427637,1.352737051243235,-1.08561178544284,-0.8152378661491779
2.0,-0.8873366068141046,1.302956852638079,-0.31661333058892016,-0.4934533863358942,1.188435207728149
2.0,0.10783049548197675,-0.9433202734596324,-1.4580466366696758,-0.4770353945600882,0.20455952239816538
1.0,-0.9008049438451474,0.6766073648970581,1.281112452174595,-0.7252483755229724,-1.2795975570119562
1.0,0.8602048351581636,0.2607052117703673,-0.42522276920817154,-1.2424849149926926,0.720851479965195
2.0,0.06759151053742805,0.6736895168565011,-1.257839464877113,-1.1314072439535292,-0.8783236914676971
0.0,0.9556757162988557,-0.02450786211642208,1.0031969557491935,-1.7653340900564125,1.184245108279809
2.0,0.022186618267377684,0.24440040763333537,0.57765540089214,-1.2166347216753255,0.609183367233548
2.0,-1.5447639762262202,-1.0085756783345394,1.5748534505519896,0.846247227498685,-0.3725691162477859
1.0,0.2862231176130259,0.8721632717267747,0.41167439660081734,-0.02764658826562545,-0.5468590883837458
2.0,-1.6178886668044277,0.8750698305837934,0.7369567961705361,-2.3314834744388633,-0.7121051107732308
0.0,1.203786068057573,-1.1882289235356112,1.3819745213751,-1.1365906078229016,0.9452729073653932
0.0,-0.5068998425391688,-0.6088059081686941,-0.7196997671656199,-0.7152759424327034,-0.29475131522670067
1.0,0.11120067520523469,0.6865224838707346,1.3347506845875123,1.8430807159028435,-1.6422414550577016
2.0,0.4864194311332395,0.5055677720322495,0.30389056580150664,-2.0280408577718823,1.3552967278005468
0.0,1.352475392252436,0.34109053041448684,0.5645742485644112,-0.6701660668428118,-0.3879892325061967
2.0,0.04173978142267208,-0.5096683888753312,-1.5107270053851916,-0.21418545467469846,0.15774322546932132
1.0,1.4375542137542243,-0.8335521391239589,-0.5816463217570054,0.5889523237341662,1.0866956296657508
0.0,-1.3038495607392477,-2.8897444484244232,-1.381513320723818,-1.77814824159462,1.0689555003974516
0.0,-2.32720641812658,-0.3007693917811391,0.04499091539694028,-0.5784797585520955,-0.9678498992280203
1.0,-0.9571176207054455,-0.7637067902440772,-0.4644941202124801,1.3044034137083689,-0.3780757797800054
1.0,-0.18369648746471576,1.0160761903488151,-1.254849460466978,-0.11759020537340668,-0.5239017337560903
0.0,0.5496910396935499,-1.595556743970396,-0.3489512910758284,0.47159134362964134,1.013876064707762
2.0,-1.099218532263449,1.833453882811677,-0.2009220706671853,3.57670662287415,-1.4423836618370225
2.0,0.4103694901083054,-0.10845056298041977,0.8744464379797918,0.17367010380518283,1.8902004329805453
1.0,0.3363011946045789,-0.7840425296404581,0.6037901928871635,0.11029006025602528,-0.3494668273785727
0.0,-2.4093225349666825,-1.894213717361537,0.25547458778749493,1.0308368733773658,-0.5466651048897692
2.0,-0.936879516726429,1.0212653908543758,1.4584876025196065,-0.9460187790926643,1.58762234316367
0.0,1.2665745174768126,-0.752209975303693,-0.27569429740543827,-1.1119969789240156,0.46622454642383176
2.0,0.6794996500306075,0.6117632578469419,0.12934411294942116,-0.8653131911533648,-0.6398592058157598
2.0,0.08018590598183745,0.9403301108962606,-0.8103384294490618,0.13375843788019864,0.02324386755909882
1.0,1.1969677155841758,0.6800084416805244,0.7850301434711404,-0.6989165890002029,0.3141732209552875
1.0,-0.12651603844498654,-1.5485342300791154,-0.8118946556186614,0.5499727955356015,-0.2736364568228369
1.0,0.6719933340773653,0.4827196025722429,-1.4416416640400094,-0.980075981879685,0.24326063141525386
2.0,-0.8766880642629813,1.2207334704232347,0.5819924461787875,-2.5177783106977762,-1.1612281608530024
0.0,0.5515485025497943,-0.35645068238619115,-0.6325559798843229,-0.5190980596621195,0.6379075539639305
1.0,0.6145742719705772,-0.7393407494033558,-0.5704416375461405,-1.0357692214980256,0.6447957226772998
1.0,-1.0510938639371332,0.20258292714690623,-0.8648270908243838,-0.6288485443516229,-0.7651288171383054
0.0,-0.37486432716396983,0.09653290748502896,-0.5117607015489737,0.21589966005940855,-1.2065303237304312
1.0,-0.5874474176226694,0.6766539352125326,0.23070863656292895,-0.6373141221765594,-1.8774777593897831
1.0,-0.59977427863643,-0.3918284360406922,-2.093478894469792,-0.9097930452011865,-0.1613927828094262
1.0,0.19775258510665028,0.11783698881666627,-1.7927987429446182,-0.5420809320487896,-0.29549349919598783
1.0,0.43099955139505847,1.386435565258522,1.195154877377494,2.546273107631239,1.201679480072698
0.0,-1.258574664074302,-0.1544962991401728,0.3464005877772852,-0.2995395333476294,-0.7281003426050867
0.0,0.6954418196857296,-1.1374106471929795,-0.31366573007513604,1.7872530754950664,-0.38373888088836294
0.0,0.46243092621145254,-0.47113779683813495,0.4407897012077653,-0.6008993699474356,-0.6954025813234904
2.0,0.9938496067991174,-1.180566506338338,-0.4545941194288918,1.0985432603223197,0.40562773396548324
2.0,0.9303137735758277,-0.7475344728171995,0.5536176728813078,-0.9080684619602791,0.3409896183020149
1.0,0.024003594550454106,0.6799944204610229,0.26003006456261984,-0.01810168130887393,-1.0443344885348076
2.0,-1.971776490180788,0.4313432476594748,0.817980707936953,1.5425160865174459,2.363274283668292
0.0,-0.5194235394959104,0.2540185786490308,0.9440386949733116,-1.4572195310889797,-1.1654361119430228
1.0,-0.9275216492213603,-1.6601181037811938,-0.40432522290491485,0.005318301404342694,-0.30949596185454264
2.0,-0.7442486007177979,1.3494605599626048,0.3813147285917553,-0.4171157736285167,0.19951368014069318
1.0,2.0341088478358396,-0.5866652803626483,0.5363047123847184,0.5444567207282222,1.1211634555641572
0.0,-0.03543292174673647,0.4823694245708603,0.3335200106762884,-1.3248615545408924,-0.23126755138045396
0.0,-0.5350129727740763,0.5349801680664198,-0.11769635044130684,1.2750333699109213,-0.3234221448940037
0.0,0.19918499968628223,0.5334238528592987,0.014811227730035735,-0.9311380780061811,-0.7526696377875869
2.0,0.06633343285561018,0.2457752310079519,0.579302746969624,-0.1765054097533301,-0.22906745409344925
2.0,-0.9480687688971312,-0.3832266580357935,0.33032094084883734,1.7288289066260765,0.047981124861055026
2.0,-1.7198950272852165,1.716724374849425,1.43239208571958,-0.5296873743888646,2.078287002893972
0.0,0.5753659237803136,-0.579927093527781,1.3591255098973294,-0.07858424162108262,0.3392163413374297
2.0,-0.867912778723787,-0.6853467126213447,0.4025967591205479,-0.2763914627788679,-0.5804319611827751
