1.0,0.2334309268043953,-0.49689798011688874,0.04464611862798146,0.41643738097276417,-0.6430646215865243
1.0,-0.17575458034230249,-0.44551700169502195,-0.30640449814166676,1.2511890054882326,-0.7612259536710517
0.0,-0.8551072180061455,-0.3751947932405343,-0.6664181376873369,1.0427059152564557,-1.6665596027089289
2.0,-0.19467337899710607,0.07062949222745733,1.8193030304094508,0.6887794311972475,0.10157062365177494
1.0,1.803070482838934,-0.9185309546893766,1.3127996652115967,1.1822966660058014,0.2927998426464664
2.0,-3.1607180412018026,-3.315527667198324,-1.7231833825136265,0.4405070818131312,1.678278702840861
0.0,-1.723942888495006,1.3030996428481492,0.27548272367056387,1.3290627215728823,2.9215130719725626
2.0,-1.466015279050307,-0.6150510814689445,1.542158193116387,0.11542333622475905,-0.4716814950787611
1.0,-0.3346805801761568,-0.025741845860441998,-1.385656742823195,0.4711358983009764,-0.7235778779870443
1.0,-1.0543897928587729,0.4295971640359896,-0.6039780640739864,0.47099451365263295,1.290249920110172
2.0,0.89387323830014,0.07642361687990687,0.8153710470926259,-1.0671529396485788,-0.4010851627961919
1.0,0.975050665697294,0.2951007726539931,1.3478401621585727,0.9772654286781264,-0.7093869348674261
2.0,0.5360075900130594,-1.5310004229297145,0.2939146298227452,-0.09131390784742668,1.0797800464626413
0.0,0.015258275686840102,0.31498192125355023,2.0712337372191483,0.45542084588763343,-0.6172307318350478
0.0,0.8207619058805421,-1.2485374404550444,0.7894911672562849,-0.40624980102544855,0.035950689734406495
2.0,-1.5390275751505147,-2.25354819347169,-0.3006234668870103,0.1539629997142065,0.21655616082839213
2.0,-3.168600403782241,2.9288776126616054,0.7597115232141606,0.6371601313311795,3.125655702524093
0.0,1.3245138045465186,0.4119529412170813,-0.30254699355953985,-1.1631227830796638,-0.47270924586061136
1.0,-0.7269229146442164,0.1730234695870722,-1.1770685475809235,-0.6350596609390836,-0.9961226765569338
1.0,1.9930995098916278,-1.5912928370955703,0.45608061528482186,0.3767359861596994,0.8329338770052639
0.0,1.2141096112477265,-1.8831839449602519,0.07064751027768015,0.559659185445293,0.0193322660995354
1.0,0.1729731798500358,-1.2725505571125342,-0.5250056096920123,0.06002562430651417,0.08703338810592809
0.0,1.9646935857325816,-0.13060474626643795,0.2423767986898575,-0.6797741780945576,0.7800450163986032
2.0,0.4086206429522813,0.9514988246306799,-0.8274588111646729,0.027092102134627517,-0.5388963889206623
0.0,0.8819458273150301,0.15275529977911925,0.5756054824579222,-1.3057265575811865,-0.7559881142734411
0.0,-1.124764619406477,-0.9223933574674039,-1.448928400404886,0.19648882256232134,-0.5459130421112705
1.0,-1.1829500555314907,0.10632069322545318,-1.4084527043571573,0.5142238739541738,-1.2179548640486353
0.0,0.5455805604459258,-0.7569936039405392,0.9380513969330851,-0.09143213743395306,-0.4743994512636358
1.0,0.91244027898722,-1.8142757909528493,-0.41679729295337786,2.60298633418556,0.5361741445034425
0.0,0.43299999656295834,-0.6567315865203485,-0.628942343673141,0.2694473734515773,-0.8941029296115356
2.0,0.8885350936477747,0.24817998482532502,0.8730317486195154,0.0713305056869246,1.2915302184864519
0.0,-1.8526580562314918,0.7388462546141105,0.41129152523022006,0.17308844501264112,-0.6903153291344638
0.0,0.784322728039222,1.6353543215280726,-0.8102417593068026,-0.8664028614391944,-0.9504017675083328
2.0,0.9496843219854542,0.6926217627313562,-1.3120855895939354,-0.2961396760238165,-0.20543914984717088
2.0,-1.5149053018614167,0.9681346558553279,-0.1938562712315045,-1.9068814252099786,0.9041263651681413
0.0,0.6338466193107205,-1.1811622247281628,-0.34961954655551924,0.018069047508146394,-0.04993104866086344
1.0,1.5641061700849508,-0.5571846149150353,-1.0420986845181206,-0.25632931587465974,0.2934446594399611
0.0,0.046431998667298684,-1.0213751110097202,-0.0883931778411561,-1.3270428582270488,1.0539305415279117
2.0,0.8395236439047478,0.6064524657528706,-0.05549505069845157,-0.5190108241649304,0.06009648779755286
1.0,2.178340906450763,0.7936526043870148,1.7453537102021903,0.2797180688453818,-1.1290114701676395
1.0,0.4882409541452972,-0.26338861004721387,0.5532676450481614,-0.18238794173055517,-0.4037995606212713
1.0,1.8289783556543164,-0.09740705014107047,0.9473023062137484,-0.9659188339109607,-0.5383450498014348
2.0,1.3575542869167772,0.36022572540598385,-1.4995180713572842,1.2410326314681712,-0.4671412685716926
1.0,-0.3087148075992564,-0.801960709575762,0.06011128649105547,0.048103047188619505,-1.1603237092594056
0.0,0.5501336098606097,0.36560274389590425,-0.4109555970414903,-0.0876646082885082,-0.2024895166257236
2.0,-0.07419563536479969,0.3519922420264648,0.6172792678411637,-0.3767140149462754,-0.17117464441402822
0.0,0.38845766705646034,1.1006537660329005,1.560395389809556,-1.9479210664196007,-0.1637253786914494
1.0,-0.08469249396058227,-0.20317129050840466,1.5991176625643446,-0.4355714973070937,-0.5682024216402265
2.0,-0.7668003529538868,-0.7653304223200601,-0.203450688805813,-0.36972222693311896,0.06090613694130052
0.0,0.9588320027417931,0.5632034883708066,0.2002804357953933,1.1896713811687982,-1.3002845673045182
2.0,1.8193823466124979,0.7858212642853211,-1.057128873861053,1.0920237122589331,-0.22030638263624763
1.0,-0.05929381292968948,-0.44469231291118044,-0.8429888978417193,0.7202957413072407,-0.46440869848869326
1.0,-0.734947390899503,-0.4352372643281261,-2.3713636308769197,0.5177228006141958,0.23509561785687105
2.0,-0.8954590156626128,-0.6979435198340448,0.6590052548244526,0.8757388095057826,-0.5969497088189384
1.0,1.7524042044810844,-1.975780865426077,-0.15169258062866323,-0.1561607842919256,1.5206390342520504
1.0,-0.09733724521455529,-0.20888791630034936,-1.9720504208881058,-0.1503624933236303,0.6707512009414798
1.0,0.23171757699693343,0.38381747361893614,-0.4529439195968227,0.2864273167792276,-0.887197421163959
2.0,0.4641207711296126,0.07679124476009201,0.4861859413134073,0.48627112640267556,-0.3193897052976108
0.0,1.9404107262520758,0.07397877108257378,0.8992537007580723,0.21794753535205882,-0.01949585976513254
0.0,-1.7095306709667761,1.0235520612936841,0.6040604676253429,-0.986627117901826,0.6732965024220038
0.0,0.4361537294000603,-0.05272534244830496,0.5676337252324087,-0.2754733029835998,0.5240900623252979
0.0,-0.781405371958155,-0.4283743583320352,-1.134293990721194,0.5525531098440885,-1.0665452698425164
1.0,1.144122574955415,0.3965153653292262,0.33732344087975236,-0.9651506531758722,-0.5394243721572419
0.0,-1.2347099083001338,-0.8445526340955422,0.13041967242661187,-0.9099971780790603,-0.2941009860337357
2.0,0.1902946465119522,-0.12182835366637189,1.0791058292499467,0.12351870997473402,-0.3506902144303628
2.0,0.7589509156955481,0.4759377368379837,-0.04879273655162043,0.8916146816515645,-0.14600536831753405
2.0,1.1973218221239252,0.6195260752814273,-1.821474149732687,-0.5701363107746361,-0.12382618488893198
2.0,-0.8797026977184299,1.5284077683865904,-0.23753954803974367,-1.37324174994049,-0.6356982071442752
2.0,-1.5769110484607067,0.6491388618745448,-0.1012893544087376,3.8608004720887354,-0.30751129277617073
1.0,-0.16355011412823944,1.8826454710519505,-2.161437925051279,-1.9115329471683757,0.39199247081442595
2.0,-0.542381836150475,-1.4319211249759416,-0.34902437407586173,1.4859224541436897,-0.2532021256140171
