1.0,-0.19857022244484712,-0.6876931301297186,0.32011972783461373,-1.7962082478032555,-0.9173110521576869
2.0,-0.6218115388952894,1.7610825526873146,0.6343976114095592,4.167460266904366,0.07963442149787842
1.0,1.5526340088090356,0.3381961852288639,-1.4544576262409639,-1.1852112212227444,0.2426207658903576
1.0,-0.011637516656539379,3.4311303253373873,-1.811951834701328,0.12131597376221916,-2.1634123437502337
0.0,0.013067579382300416,-1.1652143062783498,-1.041752131942278,0.5316195132364044,-1.0917126502197205
0.0,0.21791203868338044,0.8660264531155585,2.0008611100957285,2.541457807526598,-0.35307471870241797
0.0,-0.5137626522640514,2.2115069744350757,-0.48625838277211225,-0.012368280217675559,0.2821841695079438
0.0,0.8533460294732724,0.031845205101771086,-1.4942013393660858,1.4040935529116316,-0.7622991102317704
2.0,0.8089714328037819,-2.0851144001147603,-0.6481673399008357,0.593566533196626,0.26221935187482087
0.0,0.3056675106871657,0.1188533878444811,2.044314883168997,0.18875001539173145,0.16598632982320716
2.0,0.8097358676151885,0.29835299551429306,0.49998326981332036,0.3587374639853657,1.889186535610505
0.0,1.602120084100653,-0.9270438940063261,0.29544969220047507,0.4000262516477988,-0.35954659092565977
1.0,-0.35567773439020695,0.1986370143407543,-0.1204265936573559,-0.12662666738212797,-1.3509703281377885
2.0,0.9706942990717073,1.2350964344406166,-0.7724842023335843,1.077644736047167,-0.29350348457851283
1.0,0.18605296639485755,-0.1588365128473287,-0.2120166516394671,-1.1908107230184946,1.064354268263714
2.0,0.7413407265891854,-0.7568689920208843,0.38759867929219854,-0.44690773135580164,-0.6867525835685744
0.0,1.4153800443987576,0.5623880019276934,-1.6955136907047121,0.5954005609268035,0.0961033023718459
2.0,0.29919141217739653,0.9951226252216702,-0.6698869223591972,-1.29135628333439,-0.008055804940284635
1.0,0.23195714375620388,-0.40339887725224544,0.7439384773572844,-0.21125536807687678,-0.0758479212284106
0.0,-1.2876847325955023,1.1474787193956482,0.6552957375836255,-0.9205986588022497,0.42440668185126823
1.0,0.19058852310148414,-1.6491099472296367,1.0611342043044096,-0.0605741219600906,-0.19861152724744044
1.0,-0.43566176178809235,0.9953590525319528,-0.40745781128381886,-0.8392086077706574,-0.5443450820658652
2.0,-1.6840741848650769,-0.3575663772746318,2.2254198339564737,-0.9752725954083216,0.7263963910894441
0.0,-0.5374777118093303,1.7329906303632852,-0.9670126157452478,-0.6529963468990316,0.9848684439652711
2.0,-0.7400023637944976,0.4176021673698129,-1.245630099626314,-0.3512530968387034,-0.3100599564795132
2.0,-0.32724864295559675,-0.9294246380372673,0.6420252079779437,-0.10276146727522784,-0.09400435633666333
0.0,0.5598669032938148,-0.01714784561615292,0.7819754329306811,1.9439066452092213,-0.3344085430491325
0.0,-1.5024724060314576,-1.0250123024155444,-0.3880380598780825,0.3276592846295811,-0.6384046910372629
0.0,1.415274252475037,-0.6991728474998946,0.8608779992185178,1.2593392172363533,-0.37761486551677803
1.0,-0.10394266396948465,-0.22466157280633023,-1.3162455512177018,1.7940028492241589,0.03965988463071288
2.0,-1.4698414089605198,0.8652222019266042,0.17924565429310982,2.7893292012924404,0.7694445922244814
0.0,0.6665497390474476,-1.2144098822680618,0.5358561449571304,-1.7677474256060026,0.10048279511045487
1.0,0.6442428327664201,0.5533886252153802,0.5798097131462129,-1.147710021587303,-0.8297940901526171
1.0,0.03176883754644513,0.2513018505363936,-0.9088622981541016,-0.8658439242100315,-1.3745661677388112
2.0,-0.8035412649551342,-0.36026860661732346,-0.720786465866358,0.42492709291858666,-0.16365841215231472
1.0,-0.6187283085777093,1.2245433797504315,0.3545490597386943,0.18928179017680238,1.2067611129941183
0.0,0.3943456158176189,0.38509162822093357,-0.36775916352274873,0.15035517429734005,-1.0399934598576415
2.0,-1.3911905638102526,0.9264307998677422,1.1848107434703465,-1.0524864519933546,2.049583231236688
2.0,-1.54337997252206,0.4682289907966937,0.22914844515343152,1.5503996020213218,1.0581276473008983
1.0,-0.9522061916086801,1.6595209115184102,-0.026557343047372995,0.2394501342475225,1.3283043204748093
1.0,-0.26740578294112727,-0.3196576789004041,-1.0103685929430644,0.5371885296072103,-0.9652285660541101
2.0,-0.7721972769455449,2.5722550907070243,-0.38142739573922047,-1.8339951604293534,0.08108340264040445
2.0,-1.5444261592450514,0.2134029616354763,-0.6904344806270497,0.6858446632073283,0.46324390950915995
1.0,0.9075604004120669,-0.35932607890527846,0.9773808001445466,0.2011763587758051,-0.11128681694001304
1.0,-0.005451757867160549,0.9664651461524025,-0.722102873225667,-0.6310944386725565,-1.15005958032248
0.0,1.2616702537929385,1.4583874537629666,-0.9470445538609581,1.4986220773335326,1.997875476928279
0.0,-3.0510751614158353,-0.32417458277495226,-1.3016025609715303,0.6373989674663136,0.6490912938463815
0.0,0.7159160782022855,0.5883997420058312,-1.3343606345209782,2.237384214004362,-1.1680301550056025
1.0,-0.5776050709911033,-0.3684125387321652,0.33410159326006617,-1.793235355960098,0.4042920295020057
1.0,1.5522627136523013,0.3965242126913141,0.32341086261306234,-0.11840523612258619,0.17639539296699827
2.0,-0.9290853166050059,-0.4512420393673545,-1.16916146058093,0.6853772730146632,-0.06237241728050312
1.0,1.2039114502909054,-0.8508209067653223,0.05070329271430707,-0.19585100648900294,0.4882232320220386
0.0,2.1112405519574464,-0.4082961222201201,0.3314210400589617,-0.4067563838859245,-0.033073058037131044
2.0,-0.9388148158503049,-1.6377178262774825,-0.8755431958207426,0.09117744256016655,0.6214185047377749
2.0,0.09662852062242706,1.8476179671395758,-1.166758790514277,0.7791006101428307,-0.24728573426985287
0.0,1.8245577746656994,-0.0797716984403246,0.9546736035992082,-0.16419191415651957,-0.45237881109248684
1.0,-0.03484954951106227,-0.03949086468156807,-1.4830784139244106,-0.5811287571705085,-0.24949035330355518
1.0,0.8720073635519117,0.3739333212812719,-0.4884274311041777,1.2093569069120509,-0.6797304667931365
0.0,-0.5038146310244535,-0.38209781674836607,0.781004701275842,-0.7060486239986028,-0.9359707542483683
0.0,0.25543248901025273,0.7393891422896314,-0.8185392343052573,0.47378217184972704,0.42326742268867046
2.0,-0.9663349150900825,2.9573539319355246,0.311455015816254,2.0081502140343237,2.1030808587405607
1.0,1.1834179098563902,-0.03351588356016351,0.389236018188059,0.4773814800648392,-0.0699345570292527
2.0,-1.9502113600067534,1.8064268991273293,0.273966542109075,0.31547631452502656,3.5200515853900263
2.0,1.3043222076957228,0.914643370154729,0.15750172933551856,-0.0894885297389909,-0.43606529809072136
1.0,0.007557603545241428,-1.1062685995990191,0.8132705179275805,0.04169127752297302,-0.01643912650455048
1.0,-0.06581436261709955,1.2181564633735207,0.5951214440678356,0.49549026757576664,-0.8181616019170921
2.0,0.6726546406874893,-0.30887382791400847,-0.6916038743598547,0.011338877780588851,1.0705793509407164
0.0,-0.30212056582746394,-0.5991574845325387,-1.6351224037924694,-0.35530551545632244,1.824113656032471
0.0,-0.5226752127795503,-0.19352349507449598,0.1936659909072052,-0.2665356905224103,-0.33904217348915355
2.0,-1.172641131559319,2.7522735490925814,-0.17304226326790736,0.5073750016657727,1.915976547212012
2.0,-0.8939378422409128,1.213374422098671,-0.11674768670777395,-0.4810906885050856,-0.3491276711198451
