2.0,-0.9986343077368912,0.3125634374702014,-0.08005417444967307,-0.007172986675596425,0.5513742747936864
1.0,-0.5204182777297289,-0.44138489402869147,-1.7791112882907045,-1.019019985636812,-0.07211308919411615
2.0,-1.5796564081971185,0.9863459925610282,-0.4130916664597255,3.03943759610991,5.437294709650622
0.0,-0.622779061295985,-0.5880001378548918,0.6302499367990942,2.264610655405708,1.0452044022167242
2.0,0.3892029468143386,2.3173467654423643,-2.07444589908568,-0.6423869882702904,0.8564720748593018
0.0,0.3309286544644882,-0.3467472806783731,-1.1248923734104108,0.40882183977263564,0.9960119953742226
1.0,1.3675585891049888,0.2774390178545582,0.8417268338345666,0.6646970872584349,-0.8365199462870658
2.0,-0.6132278921404442,-0.06193014455666507,-0.2323410322843065,-0.6075304779347784,-0.22877895749796226
1.0,-0.2368724854573103,-0.8813214751246586,-0.048852747967962705,1.3690038980122894,-0.2139957600750085
1.0,-0.17095403839961368,-0.9661317504557531,0.4432640505687752,1.0722276396330865,0.27102108445643597
0.0,2.1576948987072826,-0.4617736888746859,-0.22037087092899107,0.27944438870869437,0.5554143813700927
0.0,0.7910345405231879,0.07561722084460308,-0.39238710768669643,-0.9175338718463558,0.20346187749822645
0.0,0.29558858184183306,-1.2546792297664264,0.11359613915166904,-0.3627949812353132,0.14636261524277236
0.0,0.10714928210882396,-0.04874726926036923,-0.49075317721212347,-0.466247501352196,-0.8620597587872004
0.0,0.8571333518954737,0.2520473369356265,1.7435839616653777,0.8732094783516681,-0.8290569922229941
1.0,-1.4251884232218017,-1.5278301295667516,0.04031956196575927,-1.4009964791603366,-0.31703847928754486
2.0,0.4082025689826951,2.3902493963153857,0.11817607641432276,0.46299806685786665,0.3212447416792982
1.0,0.5393043927693518,0.6434897484887517,-0.8792932148878247,-0.22835032180045917,-0.683433977636582
0.0,0.2595407139047824,0.5556484743882493,0.24059030171723725,0.3068171457169467,0.17764646109034254
0.0,-1.9302315365809504,-1.0173197594259236,-1.6009241068860698,2.4073801011431173,-1.4612063974624
1.0,2.4874781793790093,-0.41802540991089066,-0.5804557489161924,0.36819123683322147,-0.028351602750052735
0.0,-0.06625858024291222,0.5455553313935161,-0.42751266292449025,1.430526384974257,-1.3578586242759922
0.0,0.3214789820124906,-1.072799930823522,0.7919341174013198,-0.9199614808375272,-0.8588640302118307
2.0,-0.28814698148555107,-0.137872369738876,0.15185277299267547,-1.4080330133167995,-0.1250035027295923
1.0,0.9177283094208871,-0.5114990082125676,1.183562416241617,0.34157782628637046,-0.14395919171961458
2.0,-0.397171331936913,0.23802147169971286,-0.15524253068204694,1.3270462874418536,-1.9994107615843175
2.0,-0.3226995639090401,3.3087790163033546,-1.6661718568654533,-1.0585826431496381,2.1745657921236328
2.0,-0.4418708657784931,0.38320510852623446,-0.7305040861325416,1.3422725976065952,0.18296709985221113
0.0,0.3514928746945824,0.463531052094836,-1.4438856366895219,-0.15070710689938516,-0.9049326157650072
2.0,-0.5330711087828107,-1.6878314136674188,-0.1988032307861947,1.2359128561029775,0.18987817427044304
1.0,0.9958536215871973,0.62300856567848,-0.29466199931617565,1.0309056517897743,-1.035114352175408
0.0,0.15120091970667543,0.374637730431358,-0.31690639494046957,-0.29690491627681,-0.6430295289353075
1.0,-0.4258338075801728,-2.268923160517081,-0.09199171459627897,1.2528989776760764,-0.007880678654158214
1.0,-0.7126039191426047,0.7202454359190393,-0.43765892338335655,-1.569202737373676,1.1531957978467056
2.0,-1.4523908466383184,0.3351174603781619,0.5776006770484235,-0.23927478364544835,-0.8957004412327806
1.0,1.5074228058963761,0.3514678934387222,0.6965155421367019,0.28762280438332577,1.8214318188135936
1.0,-0.3916167802779547,0.21275766759028208,1.0566167330930776,1.0442132991390694,-0.7141343998047682
1.0,-0.5479329009211519,-0.9641860408191643,0.5451625851037102,0.36026677489975023,-1.0776034131858303
0.0,0.4439064719792087,-0.18957541994681187,1.2543300028832698,-0.26015776750376407,-0.26657854267918424
1.0,-1.1270613698898482,-0.6573077410888674,-1.0037569351072984,0.1665607589482966,0.0009555660113493671
2.0,0.12572416563466748,1.8579285495811018,-1.3393053950434044,1.3477608152678624,-0.994613719292177
1.0,1.410177661593214,0.12057563273178348,0.4903006478214074,1.0256606957754906,-0.6378476081762083
1.0,0.08373396056845273,-0.043796073203368265,-1.5128318806313434,-0.031076071932508543,-0.5893734323699624
0.0,0.06818809236801966,-0.4535066065126873,0.6852279591442324,-0.1690708126872966,-0.9330032856567686
1.0,1.138357039962529,-1.15940603893647,-1.7575484100733254,0.268801318799152,0.444568547257497
1.0,1.206738425715559,-0.6298599774918054,-0.3930399477697139,-0.25716772688596423,0.9622238856098067
2.0,0.6926341624597302,-0.5531155097374411,0.5285231259962325,2.0655859414493922,-0.6891856733923338
2.0,0.9304902099427289,-0.3436533798832906,1.841295256955572,1.20663948010444,-0.8441763979815555
2.0,-3.28693819072371,-0.5950643475260333,0.5268945914478647,0.6974207673923078,1.9355678958728002
2.0,-1.1007706339689036,-0.5327072722535431,1.3240170400530824,-1.4236323856973097,-0.5484073529876498
0.0,0.721963516123537,0.09860273385817633,0.35353861384479734,-0.7000239353536644,-0.22648560609719454
1.0,0.15572101012935294,-0.2674644080609321,1.119477037234401,0.43780954147880957,-1.1841430117452425
0.0,0.3927429172795419,-0.34775710996935066,-0.22150660745136833,0.3478652876105187,-0.6539451105742429
2.0,0.5511075044337472,-1.1672706156659263,0.9452273999877792,0.19114350798989818,0.5116529712588346
2.0,-0.9271624913768262,1.7071109311397146,-2.9933390714972847,-0.7295456971939452,0.9771491710694113
1.0,-1.0997711904255696,-1.272772863018196,-0.0215136790153349,0.6594421916127272,-0.7582604507776799
0.0,1.6212309532393785,0.12167490156821541,0.1750920126964386,-0.7848816021302039,-0.3459472169261486
1.0,-0.07837517465535397,-1.2680455455819766,-0.15258719638333273,-0.6574208778360054,1.5825611705360045
1.0,-0.07913903451479673,-0.11335568322190509,-0.29226080862485676,0.12266699711523454,-1.2110154299003784
0.0,1.4646322560455247,0.5607910837131028,-0.07094412906148925,-0.6360262589601174,0.7019242991608377
0.0,1.0653842027569216,0.5958419273992901,-0.6579277607057259,-0.4943314251077207,-0.1204357853846889
0.0,-0.029167109795180432,-1.7414725416291104,0.09301702181026238,-0.4744384976253524,0.17279527933982664
2.0,0.023218197282227765,-0.08223235019265816,1.339577783300188,-0.3532022654747447,-0.34432893098333983
2.0,-0.1944650758358807,-0.31086290530774197,-0.3627107951022477,-0.2914931261455017,-1.0606753946118361
1.0,1.6621284653572048,0.2650083520761902,0.6942347077932546,0.7472067200481268,-0.2736456200526123
2.0,-0.6229910456410173,-0.2861081821923823,1.6177778389490367,-1.6033096155567814,-0.42800017868239537
0.0,1.4133354758499308,-1.1970955249388,0.15794240177715063,-0.444613593198896,0.40482319753040324
0.0,-0.07533156902102385,0.2295124578416426,-1.799666163322558,-0.5513780682489475,-0.4739276098224222
2.0,0.20811657995620808,1.2767096064189882,-0.824547410027759,-0.8618787702986523,-0.8724532261059496
2.0,2.275268159104188,0.06473386950709889,-0.267446139708666,-0.5991638674322882,1.8112861613936928
2.0,-0.9454608277679097,0.22928874699006224,-1.0327938611684477,-1.446681231437704,-0.1406262882989629
