1.0,0.8457189778262001,0.45576882280378106,1.8095819027972955,0.0033820353515530634,-0.6081156955629157
1.0,-0.35919716503957855,0.2942463328196708,-0.8730394636168144,1.2530838428854942,-0.8118374166855221
1.0,-0.3411196398364252,-0.6162594149286637,-0.6477169410287245,-0.6386003862215134,-0.2957288833697037
2.0,0.9545440734069228,-0.034294009087585564,0.09482478176068986,1.0142290008098018,0.06458569346010767
2.0,-0.8922898102771775,1.6350323259300574,1.7297650066897712,-0.8105597299466659,-0.8858943702119385
0.0,-1.0528597468560037,-1.1398568284350639,-0.7901452147761993,1.0632817167363304,0.23437214720146798
0.0,0.7628702058785941,-0.14050992548491048,0.09252719327549885,0.22721230960040437,-0.2957419246135344
0.0,1.282150044256866,0.9916735385167627,-1.6440555020638792,-0.06974710266203463,0.20745258986012247
1.0,-1.2644061107185585,-1.1880803479046673,-0.11294336015378514,-0.49941775039487524,-0.6094068989983156
2.0,0.36766518974754286,-0.9688825471074742,0.033628070483322475,-1.9261960001130063,0.459985271056285
2.0,-0.01195123562457457,0.33381769155489516,-0.437554144342119,0.6806380366040023,1.767481204207405
1.0,0.2967714863849306,-0.9255850678703073,-1.1064937247071434,-0.4530705407704925,0.5291444718008759
1.0,0.25433465290999757,1.0593173149008377,1.2266348893210677,-0.07031635860694603,-0.7299403401780009
1.0,0.23187467817944826,-0.473417839128974,1.6230483280476296,-1.044717224786371,-0.5209785388224172
2.0,1.0212063736692383,-0.8217232787504031,-0.3703361861544155,1.1436287791397401,-0.3270231866311732
0.0,-0.8974718559673115,0.32920148665707266,0.7414177369281705,0.058073404512867154,0.13923377942411672
2.0,0.38474883553650785,0.2262221421734456,1.8498298749690698,-2.239882142741641,0.7684785625815649
1.0,-2.203753363037142,-1.8765209516503676,-1.7728362089846472,1.546699820654281,-0.5579164591154336
0.0,1.7483409213769543,2.3380756631264927,-1.82867914048146,-1.1546845587824444,-0.5380481106320427
2.0,0.8520945576788701,-0.08311995103184378,1.7490877502216313,1.3870389171399546,-0.1976282099933795
1.0,-1.5109990996844167,-0.9368679101850105,-0.7332752708076282,0.323795214982431,1.6281276592868064
0.0,0.7263611872743744,0.985092583703909,0.12440143649594483,-0.4196427516420381,-1.5127680257898795
0.0,0.15678699420567296,0.09268157402107101,-0.13151649326942544,0.733565363978566,-0.9741599342005769
0.0,-0.5624941215078638,0.030688899911887932,-0.5903360227436634,-1.1728620452804128,-1.0458476131258387
2.0,-1.4117380972285876,1.8735510482326732,0.8608942690519797,0.7311700004218178,0.7838645508894238
0.0,-0.428472689224761,1.0325389178848983,1.910435267318031,0.8878872537676644,-0.7146498499111582
0.0,0.009285355793237473,-1.161164149233308,1.1125693002256078,2.4724306678265533,0.24236806180354267
1.0,1.3303567728022567,0.35785210035609094,0.9038388835903215,1.335363099732178,-1.1073917080916282
0.0,-1.9833351079533472,-1.194099819386821,0.909266046945564,-1.2332359409040587,-0.9007898405506538
1.0,-1.0805109965591693,0.27781242421552094,-0.6830164178275016,1.389431700760773,-1.5666354665016209
0.0,-0.07853442352011963,2.1178513152588594,-1.0920091472616849,-1.8429174740068657,-0.05218942338835642
2.0,0.7551753756697037,0.8931877261004418,2.9021340298241065,0.1271073277997649,-1.2779838627448352
0.0,-2.1162563053018775,-1.9326276806000777,1.1810983598248703,-1.278383440973978,0.9009732995517771
0.0,-2.2872051983305055,-0.47952954443914925,-1.2111554542237137,0.14010052091744316,-0.5218865466939212
2.0,-2.1718497997470503,1.5659386660750088,0.055894908335689684,-1.616292902896318,0.16607804910135573
2.0,0.023900884400361148,-0.3513193068668182,0.0008133625968315492,-2.069015734660945,-0.38012897177105365
0.0,-1.1205855949041499,-1.0672007901348917,-0.18362197106546252,-0.005533188351346627,0.6142542139640151
2.0,-0.03652102075268152,-0.11036221743939434,-0.33386124869298106,-0.061059275535648605,-0.047116673976330965
0.0,-0.6790010283750882,-0.09473967177361614,1.6468997104039302,-1.5144516223618292,-0.36565918458781427
2.0,1.1686019183945289,0.02387679717776394,-0.008138358210394735,-0.2645923395599929,-0.535385794615225
1.0,0.4818176577765093,0.20595806136958278,0.11034024379090726,0.18520106788937749,-1.5007406494983204
1.0,1.749414044909671,-0.11443432288372292,-0.18484541226456905,0.8600929274228207,-0.5362051523481954
1.0,2.452778835538861,0.3323777998753646,1.2292607667003652,0.9493754113301668,0.5581069776231385
2.0,-0.6836828889178578,-0.7585734754743904,-1.577899056512362,-1.508915349863412,-0.001657631178243695
1.0,0.6052797403227268,-1.5075807452401822,0.17726777566847285,-0.08267914213419064,0.6732871486439403
0.0,-0.26842083792521626,0.7251690010457547,-0.3433638712826661,-0.3488264367375278,-1.5727450392533087
2.0,-0.685139547654411,0.2615609629993623,0.2743000894216386,0.07140967102522046,-0.28956663735540095
0.0,-0.8837977637175785,0.4139660519179659,1.1297421831343197,1.21174392348918,-0.7017718292386808
1.0,1.9653810254412074,0.10608515411911706,-0.6753080373335799,1.14417300326906,0.6525235711939726
0.0,-0.8974978324806072,-0.5722961433488427,-0.3233275994473132,-1.1589073067137947,-0.5262816651908335
0.0,0.12254910324007427,-0.26666912169205714,-2.0762236377126637,-1.2978940780011679,0.416372621053791
2.0,0.22294861118150924,-0.1344906120515757,-0.5098811194219518,2.034540583398792,1.1271591304259387
1.0,-0.9023566354365218,-0.24908711786316298,-0.5047282208509904,1.6030907299433739,-0.2897274316420358
2.0,-1.437310119967042,1.058846930358846,0.8605707198192306,-0.5479453066628305,-0.5771293327744614
1.0,1.3682405515539913,0.09551641320866455,-0.6571865199130803,0.27408233135438703,0.791639055991261
2.0,0.5599127224796145,1.2727818683668153,-0.26965585845091955,0.4047530053581697,0.5781131712010642
1.0,-1.6634827140367974,-1.2145944156161141,-0.5316095486474983,0.6443102733353877,-0.7068067175203817
1.0,-0.5808087065570571,-0.24348004102483983,0.05459747588162212,-1.9924988660172676,0.4473379255845403
1.0,0.45189653254988543,0.37373731374648894,1.5752703981358918,0.5356534167665447,-1.7622843110400042
2.0,-1.0818740067335006,0.5501311390561309,-1.1085803174383784,0.8132117396600435,-0.754419159066196
0.0,1.6943445932448369,-0.9172086035690106,0.008033813826780574,-0.19688800346641122,-0.3130132735504565
0.0,0.42725825459719546,2.871560343288853,-1.122520065588723,-1.4229455864860814,1.5151157819511691
0.0,0.5284906065330294,1.458534188913253,-0.4327039849008957,-0.8250859767898306,-0.1810062279249197
0.0,-0.09912899426310375,-0.156654836636084,0.6102650181165488,0.03058992995429242,0.4223381319091456
1.0,0.4992524220794653,1.2015218984195872,-1.3546929405241648,-1.6970310944225362,-0.6580717786373836
2.0,-0.16466321178993804,2.4624943035712668,0.8205177924912779,-0.6009654578559759,-0.06531754991916316
2.0,0.0953343244866404,0.9827678942835283,0.39037181026746237,-0.48230721467678894,-0.9293570252595967
2.0,0.29606326672291805,0.8723422096500824,0.10458948414918734,1.0654838544950878,1.5587229529227289
2.0,-0.04941657826967799,-2.168723457284793,-0.7832009369981813,0.2641092814773401,0.19955376423346588
2.0,-0.5041123673562553,1.707921112249788,0.5083554349485045,-0.29556865773708874,-1.376813287198521
1.0,1.8922808136714404,-0.812606050144684,-0.1767899589923443,0.06750405681542909,-0.10272645946442774
